

 Configuring I9070 Kernel...


  HOSTCC  scripts/basic/fixdep
  HOSTCC  scripts/basic/docproc
  HOSTCC  scripts/basic/hash
  HOSTCC  scripts/kconfig/conf.o
  HOSTCC  scripts/kconfig/kxgettext.o
  SHIPPED scripts/kconfig/zconf.tab.c
  SHIPPED scripts/kconfig/lex.zconf.c
  SHIPPED scripts/kconfig/zconf.hash.c
  HOSTCC  scripts/kconfig/zconf.tab.o
  HOSTLD  scripts/kconfig/conf
#
# configuration written to .config
#


 Compiling I9070 Kernel and Modules... 


scripts/kconfig/conf -s arch/arm/Kconfig
  CHK     include/linux/version.h
  UPD     include/linux/version.h
  CHK     include/generated/utsrelease.h
  UPD     include/generated/utsrelease.h
  HOSTCC  scripts/genksyms/genksyms.o
  CC      scripts/mod/empty.o
  HOSTCC  scripts/mod/mk_elfconfig
  Generating include/generated/mach-types.h
  MKELF   scripts/mod/elfconfig.h
  HOSTCC  scripts/mod/file2alias.o
  CC      kernel/bounds.s
  GEN     include/generated/bounds.h
  CC      arch/arm/kernel/asm-offsets.s
  SHIPPED scripts/genksyms/lex.c
  SHIPPED scripts/genksyms/parse.h
  SHIPPED scripts/genksyms/keywords.c
  SHIPPED scripts/genksyms/parse.c
  HOSTCC  scripts/genksyms/lex.o
  GEN     include/generated/asm-offsets.h
  CALL    scripts/checksyscalls.sh
  HOSTCC  scripts/genksyms/parse.o
  HOSTCC  scripts/mod/modpost.o
  HOSTCC  scripts/mod/sumversion.o
  HOSTLD  scripts/genksyms/genksyms
  HOSTCC  scripts/kallsyms
  HOSTCC  scripts/conmakehash
  HOSTLD  scripts/mod/modpost
  CC      init/main.o
  CHK     include/generated/compile.h
  HOSTCC  usr/gen_init_cpio
  UPD     include/generated/compile.h
  CC      init/do_mounts.o
  GEN     usr/initramfs_data.cpio
  AS      usr/initramfs_data.o
  LD      usr/built-in.o
  CC      arch/arm/kernel/compat.o
  CC      init/do_mounts_rd.o
  CC      init/do_mounts_initrd.o
  CC      arch/arm/kernel/elf.o
  AS      arch/arm/kernel/entry-armv.o
  AS      arch/arm/kernel/entry-common.o
  CC      init/do_mounts_md.o
  CC      arch/arm/kernel/irq.o
  CC      init/initramfs.o
  CC      arch/arm/kernel/process.o
  CC      init/calibrate.o
  CC      init/boottime.o
  CC      init/version.o
  LD      init/mounts.o
  CC      arch/arm/mm/dma-mapping.o
  CC      arch/arm/kernel/ptrace.o
  LD      init/built-in.o
  CC      arch/arm/common/gic.o
  CC      arch/arm/kernel/return_address.o
  CC      arch/arm/mm/extable.o
  CC      arch/arm/common/clkdev.o
  CC      arch/arm/kernel/setup.o
  CC      arch/arm/mm/fault.o
  CC      arch/arm/common/boottime.o
  LD      arch/arm/common/built-in.o
  AS      arch/arm/crypto/aes-armv4.o
  CC      arch/arm/crypto/aes_glue.o
  AS      arch/arm/crypto/sha1-armv4-large.o
  CC      arch/arm/crypto/sha1_glue.o
  CC      arch/arm/mm/init.o
  LD      arch/arm/crypto/aes-arm.o
  LD      arch/arm/crypto/sha1-arm.o
  LD      arch/arm/crypto/built-in.o
  CC      arch/arm/kernel/signal.o
  CC      arch/arm/mach-ux500/clock.o
  CC      arch/arm/kernel/sys_arm.o
  CC      arch/arm/mm/iomap.o
  CC      arch/arm/mach-ux500/timer-mtu.o
  CC      arch/arm/mm/fault-armv.o
  CC      arch/arm/kernel/stacktrace.o
  CC      arch/arm/mach-ux500/devices-common.o
  CC      arch/arm/kernel/time.o
  CC      arch/arm/mm/flush.o
  CC      arch/arm/mach-ux500/pins.o
  CC      arch/arm/mach-ux500/dcache.o
  CC      arch/arm/mach-ux500/reboot_reasons.o
  CC      arch/arm/kernel/traps.o
  CC      arch/arm/mach-ux500/pm/pm.o
  CC      arch/arm/mm/ioremap.o
  CC      arch/arm/mach-ux500/pm/runtime.o
  CC      arch/arm/mm/mmap.o
  CC      arch/arm/mach-ux500/pm/cpuidle.o
  CC      arch/arm/mm/pgd.o
  CC      arch/arm/kernel/armksyms.o
  CC      arch/arm/mm/mmu.o
  CC      arch/arm/mach-ux500/pm/timer.o
  CC      arch/arm/kernel/module.o
  CC      arch/arm/mach-ux500/pm/cpuidle_dbg.o
  CC      arch/arm/kernel/smp.o
  CC      arch/arm/mm/vmregion.o
  CC      arch/arm/mm/proc-syms.o
  CC      arch/arm/mm/alignment.o
  CC      arch/arm/kernel/smp_scu.o
  CC      arch/arm/kernel/smp_twd.o
  CC      arch/arm/mach-ux500/pm/context.o
  CC      arch/arm/mm/highmem.o
  CC      arch/arm/kernel/machine_kexec.o
  AS      arch/arm/kernel/relocate_kernel.o
  AS      arch/arm/mach-ux500/pm/context_arm.o
  CC      arch/arm/kernel/atags.o
  AS      arch/arm/mm/abort-ev7.o
  CC      arch/arm/mach-ux500/pm/context-db8500.o
  AS      arch/arm/mm/pabort-v7.o
  AS      arch/arm/mm/cache-v7.o
  CC      arch/arm/mm/copypage-v6.o
  CC      arch/arm/kernel/sys_oabi-compat.o
  CC      arch/arm/mach-ux500/pm/context-db5500.o
  CC      arch/arm/mm/context.o
  AS      arch/arm/mm/tlb-v7.o
  AS      arch/arm/mm/proc-v7.o
  CC      arch/arm/mm/cache-l2x0.o
  CC      arch/arm/mach-ux500/pm/cpufreq.o
  CC      arch/arm/kernel/thumbee.o
  LD      arch/arm/mm/built-in.o
  CC      arch/arm/kernel/kgdb.o
  CC      arch/arm/plat-nomadik/gpio.o
  CC      arch/arm/mach-ux500/pm/suspend.o
  CC      arch/arm/kernel/crash_dump.o
  CC      arch/arm/kernel/unwind.o
  CC      arch/arm/mach-ux500/pm/suspend_dbg.o
  LD      arch/arm/plat-nomadik/built-in.o
  CC      arch/arm/nwfpe/fpa11.o
  CC      arch/arm/nwfpe/fpa11_cpdo.o
  CC      arch/arm/kernel/pmu.o
  CC      arch/arm/nwfpe/fpa11_cpdt.o
  CC      arch/arm/mach-ux500/pm/usecase_gov.o
  CC      arch/arm/nwfpe/fpa11_cprt.o
  CC      arch/arm/nwfpe/fpmodule.o
  CC      arch/arm/kernel/perf_event.o
  CC      arch/arm/nwfpe/fpopcode.o
  CC      arch/arm/nwfpe/softfloat.o
  CC      arch/arm/mach-ux500/pm/cpufreq-db8500.o
  LD      arch/arm/mach-ux500/pm/built-in.o
  CC      arch/arm/mach-ux500/regulator-ux500.o
  CC      arch/arm/kernel/io.o
  AS      arch/arm/kernel/head.o
  CC      arch/arm/kernel/init_task.o
  CC      arch/arm/mach-ux500/regulator-u8500.o
  LDS     arch/arm/kernel/vmlinux.lds
  LD      arch/arm/kernel/built-in.o
  CC      arch/arm/vfp/vfpmodule.o
  CC      arch/arm/nwfpe/single_cpdo.o
  CC      arch/arm/nwfpe/double_cpdo.o
  CC      arch/arm/mach-ux500/devices.o
  AS      arch/arm/nwfpe/entry.o
  CC      arch/arm/nwfpe/extended_cpdo.o
  AS      arch/arm/vfp/entry.o
  LD      arch/arm/nwfpe/nwfpe.o
  AS      arch/arm/vfp/vfphw.o
  LD      arch/arm/nwfpe/built-in.o
  CC      arch/arm/vfp/vfpsingle.o
  CC      kernel/sched.o
  CC      arch/arm/mach-ux500/cpu.o
  CC      arch/arm/vfp/vfpdouble.o
  CC      arch/arm/mach-ux500/hotplug.o
  CC      arch/arm/mach-ux500/board-sec-mmio.o
  LD      arch/arm/vfp/vfp.o
  LD      arch/arm/vfp/built-in.o
  CC      mm/bootmem.o
  CC      arch/arm/mach-ux500/board-pins-sleep-force.o
  CC      mm/filemap.o
  CC      arch/arm/mach-ux500/board-mop500-msp.o
  CC      arch/arm/mach-ux500/board-janice-pins.o
  CC      arch/arm/mach-ux500/board-janice.o
  CC      mm/mempool.o
  CC      mm/oom_kill.o
  CC      arch/arm/mach-ux500/board-janice-mcde.o
  CC      mm/fadvise.o
  CC      arch/arm/mach-ux500/board-janice-regulators.o
  CC      arch/arm/mach-ux500/board-janice-bm.o
  CC      arch/arm/mach-ux500/board-janice-sdi.o
  CC      mm/maccess.o
  CC      mm/page_alloc.o
  CC      arch/arm/mach-ux500/devices-db8500.o
  CC      kernel/fork.o
  CC      arch/arm/mach-ux500/cpu-db8500.o
  CC      arch/arm/mach-ux500/dma-db8500.o
  CC      kernel/exec_domain.o
  CC      mm/page-writeback.o
  CC      arch/arm/mach-ux500/uart-db8500.o
  CC      arch/arm/mach-ux500/clock-db8500.o
  CC      kernel/panic.o
  CC      mm/readahead.o
  CC      arch/arm/mach-ux500/timer-rtt.o
  CC      kernel/printk.o
  CC      arch/arm/mach-ux500/timer-db8500.o
  CC      mm/swap.o
  CC      arch/arm/mach-ux500/timer-db8500-prcmu.o
  CC      kernel/cpu.o
  CC      arch/arm/mach-ux500/platsmp.o
  CC      mm/truncate.o
  AS      arch/arm/mach-ux500/headsmp.o
  CC      arch/arm/mach-ux500/prcmu-db8500.o
  CC      kernel/exit.o
  CC      mm/vmscan.o
  CC      kernel/itimer.o
  TIMEC   kernel/timeconst.h
  CC      kernel/softirq.o
  CC      arch/arm/mach-ux500/prcmu-qos-power.o
  CC      mm/shmem.o
  CC      arch/arm/mach-ux500/prcmu-debug.o
  CC      kernel/resource.o
  CC      arch/arm/mach-ux500/musb_db8500.o
  CC      mm/prio_tree.o
  CC      kernel/sysctl.o
  CC      mm/util.o
  CC      arch/arm/mach-ux500/localtimer.o
  CC      arch/arm/mach-ux500/mloader-db8500.o
  CC      arch/arm/mach-ux500/tee_ux500.o
  CC      arch/arm/mach-ux500/product.o
  CC      mm/mmzone.o
  CC      arch/arm/mach-ux500/hwreg.o
  CC      mm/vmstat.o
  CC      kernel/sysctl_binary.o
  CC      arch/arm/mach-ux500/hwmem-int.o
  CC      arch/arm/mach-ux500/l2x0-prefetch.o
  CC      mm/backing-dev.o
  CC      arch/arm/mach-ux500/dbx500_dump.o
  CC      kernel/capability.o
  CC      arch/arm/mach-ux500/sec_rfkill.o
  CC      mm/page_isolation.o
  CC      mm/mm_init.o
  CC      kernel/ptrace.o
  CC      arch/arm/mach-ux500/sec_common.o
  CC      mm/mmu_context.o
  CC      mm/fremap.o
  CC      kernel/timer.o
  CC      mm/highmem.o
  CC      arch/arm/mach-ux500/sec_pmic.o
  CC      arch/arm/mach-ux500/sec_i2c.o
  CC      mm/madvise.o
  LD      arch/arm/mach-ux500/built-in.o
  CC      fs/open.o
  CC      mm/memory.o
  CC      kernel/user.o
  CC      kernel/signal.o
  CC      fs/read_write.o
  CC      mm/mincore.o
  CC      fs/file_table.o
  CC      mm/mlock.o
  CC      fs/super.o
  CC      kernel/sys.o
  CC      mm/mmap.o
  CC      fs/char_dev.o
  CC      kernel/kmod.o
  CC      fs/stat.o
  CC      mm/mprotect.o
  CC      kernel/workqueue.o
  CC      fs/exec.o
  CC      mm/mremap.o
  CC      kernel/pid.o
  CC      mm/msync.o
  CC      mm/rmap.o
  CC      fs/pipe.o
  CC      kernel/rcupdate.o
  CC      kernel/extable.o
  CC      mm/vmalloc.o
  CC      fs/namei.o
  CC      kernel/params.o
  CC      kernel/posix-timers.o
  CC      mm/pagewalk.o
  CC      kernel/kthread.o
  CC      mm/init-mm.o
  CC      fs/fcntl.o
  CC      mm/bounce.o
  CC      kernel/wait.o
  CC      kernel/kfifo.o
  CC      mm/page_io.o
  CC      fs/ioctl.o
  CC      kernel/sys_ni.o
  CC      kernel/posix-cpu-timers.o
  CC      mm/swap_state.o
  CC      fs/readdir.o
  CC      mm/swapfile.o
  CC      kernel/mutex.o
  CC      fs/select.o
  CC      kernel/hrtimer.o
  CC      mm/thrash.o
  CC      fs/fifo.o
  CC      fs/dcache.o
  CC      mm/dmapool.o
  CC      kernel/rwsem.o
  CC      kernel/nsproxy.o
  CC      mm/ashmem.o
  CC      kernel/srcu.o
  CC      kernel/semaphore.o
  CC      mm/slub.o
  CC      fs/inode.o
  CC      kernel/notifier.o
  CC      kernel/ksysfs.o
  CC      kernel/pm_qos_params.o
  CC      fs/attr.o
  CC      kernel/sched_clock.o
  CC      fs/bad_inode.o
  CC      kernel/cred.o
  CC      fs/file.o
  CC      mm/percpu.o
  CC      kernel/async.o
  CC      fs/filesystems.o
  CC      kernel/range.o
  CC      kernel/groups.o
  LD      mm/built-in.o
  CC      ipc/util.o
  CC      fs/namespace.o
  CC      ipc/msgutil.o
  CC      kernel/freezer.o
  CC      ipc/msg.o
  CC      kernel/sysctl_check.o
  CC      ipc/sem.o
  CC      fs/seq_file.o
  CC      kernel/stacktrace.o
  CC      kernel/debug/debug_core.o
  CC      fs/xattr.o
  CC      ipc/shm.o
  CC      kernel/debug/gdbstub.o
  CC      fs/libfs.o
  CC      ipc/ipcns_notifier.o
  CC      ipc/syscall.o
  CC      kernel/debug/kdb/kdb_io.o
  CC      fs/fs-writeback.o
  CC      ipc/ipc_sysctl.o
  LD      ipc/built-in.o
  CC      kernel/debug/kdb/kdb_main.o
  CC      security/keys/gc.o
  CC      security/keys/key.o
  CC      fs/pnode.o
  CC      fs/drop_caches.o
  CC      security/keys/keyring.o
  CC      fs/splice.o
  CC      kernel/debug/kdb/kdb_support.o
  CC      security/keys/keyctl.o
  CC      fs/sync.o
  CC      kernel/debug/kdb/kdb_bt.o
  CC      security/keys/permission.o
  CC      security/keys/process_keys.o
  GENKDB  kernel/debug/kdb/gen-kdb_cmds.c
  CC      kernel/debug/kdb/kdb_bp.o
  CC      fs/utimes.o
  CC      security/keys/request_key.o
  CC      fs/stack.o
  CC      kernel/debug/kdb/kdb_debugger.o
  CC      fs/fs_struct.o
  CC      security/keys/request_key_auth.o
  CC      fs/statfs.o
  CC      kernel/debug/kdb/gen-kdb_cmds.o
  LD      kernel/debug/kdb/built-in.o
  CC      security/keys/user_defined.o
  LD      kernel/debug/built-in.o
  CC      kernel/irq/handle.o
  CC      security/keys/proc.o
  CC      fs/buffer.o
  CC      security/keys/sysctl.o
  CC      kernel/irq/manage.o
  LD      security/keys/built-in.o
  CC      security/commoncap.o
  CC      kernel/irq/spurious.o
  CC      security/min_addr.o
  CC      kernel/irq/resend.o
  LD      security/built-in.o
  CC      crypto/api.o
  CC      kernel/irq/chip.o
  CC      fs/bio.o
  CC      crypto/cipher.o
  CC      kernel/irq/devres.o
  CC      crypto/compress.o
  CC      kernel/irq/autoprobe.o
  CC      fs/block_dev.o
  CC      crypto/algapi.o
  CC      kernel/irq/proc.o
  CC      kernel/irq/pm.o
  CC      crypto/scatterwalk.o
  CC      fs/direct-io.o
  LD      kernel/irq/built-in.o
  CC      kernel/kheart-beat/khb_main.o
  CC      crypto/proc.o
  CC      kernel/kheart-beat/khb_lcd.o
  CC      fs/mpage.o
  CC      crypto/ablkcipher.o
  LD      kernel/kheart-beat/built-in.o
  CC      kernel/power/main.o
  CC      kernel/power/console.o
  CC      fs/ioprio.o
  CC      crypto/blkcipher.o
  CC      kernel/power/process.o
  CC      kernel/power/suspend.o
  CC      fs/9p/vfs_super.o
  CC      crypto/ahash.o
  CC      fs/9p/vfs_inode.o
  CC      kernel/power/nvs.o
  CC      kernel/power/wakelock.o
  CC      crypto/shash.o
  CC      fs/9p/vfs_addr.o
  CC      fs/9p/vfs_file.o
  CC      kernel/power/userwakelock.o
  CC      crypto/algboss.o
  CC      kernel/power/portlist.o
  CC      fs/9p/vfs_dir.o
  CC      crypto/testmgr.o
  CC      kernel/power/earlysuspend.o
  CC      fs/9p/vfs_dentry.o
  CC      fs/9p/v9fs.o
  CC      kernel/power/fbearlysuspend.o
  CC      fs/9p/fid.o
  CC      kernel/power/poweroff.o
  LD      kernel/power/built-in.o
  CC      kernel/time/timekeeping.o
  LD      fs/9p/9p.o
  LD      fs/9p/built-in.o
  CC      fs/autofs/dirhash.o
  CC      crypto/crypto_wq.o
  CC      fs/autofs/init.o
  LD      crypto/crypto_algapi.o
  CC      crypto/aead.o
  CC      fs/autofs/inode.o
  CC      kernel/time/ntp.o
  CC      fs/autofs/root.o
  CC      kernel/time/clocksource.o
  LD      crypto/crypto_blkcipher.o
  CC      crypto/chainiv.o
  CC      fs/autofs/symlink.o
  CC      crypto/eseqiv.o
  CC      kernel/time/jiffies.o
  CC      fs/autofs/waitq.o
  CC      kernel/time/timer_list.o
  LD      fs/autofs/autofs.o
  LD      fs/autofs/built-in.o
  CC      fs/autofs4/init.o
  LD      crypto/crypto_hash.o
  CC      crypto/pcompress.o
  CC      kernel/time/timecompare.o
  CC      fs/autofs4/inode.o
  CC      kernel/time/timeconv.o
  CC      kernel/time/clockevents.o
  LD      crypto/cryptomgr.o
  CC      crypto/hmac.o
  CC      kernel/time/tick-common.o
  CC      fs/autofs4/root.o
  CC      crypto/md5.o
  CC      kernel/time/tick-broadcast.o
  CC      fs/autofs4/symlink.o
  CC      crypto/sha1_generic.o
  CC      fs/autofs4/waitq.o
  CC      crypto/sha256_generic.o
  CC      kernel/time/tick-oneshot.o
  CC      fs/autofs4/expire.o
  CC      kernel/time/tick-sched.o
  CC      fs/autofs4/dev-ioctl.o
  CC      crypto/ecb.o
  CC      crypto/cbc.o
  CC      crypto/des_generic.o
  LD      fs/autofs4/autofs4.o
  LD      fs/autofs4/built-in.o
  LD      fs/cifs/built-in.o
  CC [M]  fs/cifs/cifsfs.o
  CC      kernel/time/timer_stats.o
  LD      kernel/time/built-in.o
  CC      kernel/trace/trace_clock.o
  CC      crypto/twofish.o
  CC [M]  fs/cifs/cifssmb.o
  CC      kernel/trace/ring_buffer.o
  CC      crypto/twofish_common.o
  CC      crypto/aes_generic.o
  CC      kernel/trace/trace.o
  CC      crypto/arc4.o
  CC      crypto/crc32c.o
  CC      crypto/authenc.o
  CC [M]  fs/cifs/cifs_debug.o
  CC      crypto/rng.o
  CC      crypto/krng.o
  CC [M]  fs/cifs/connect.o
  CC      crypto/xor.o
  CC      kernel/trace/trace_output.o
  CC      crypto/async_tx/async_tx.o
  CC      crypto/async_tx/async_memcpy.o
  CC      kernel/trace/trace_stat.o
  CC      crypto/async_tx/async_xor.o
  CC      kernel/trace/trace_printk.o
  CC [M]  fs/cifs/dir.o
  CC      crypto/async_tx/async_pq.o
  CC      kernel/trace/trace_sched_switch.o
  CC [M]  fs/cifs/file.o
  CC      crypto/async_tx/async_raid6_recov.o
  CC      kernel/trace/trace_sched_wakeup.o
  LD      crypto/async_tx/built-in.o
  LD      crypto/crypto.o
  LD      crypto/built-in.o
  CC      kernel/trace/trace_nop.o
  CC      block/elevator.o
  CC      kernel/trace/blktrace.o
  CC [M]  fs/cifs/inode.o
  CC      block/blk-core.o
  CC      kernel/trace/trace_events.o
  CC [M]  fs/cifs/link.o
  CC      kernel/trace/trace_export.o
  CC [M]  fs/cifs/misc.o
  CC      block/blk-tag.o
  CC      kernel/trace/trace_event_perf.o
  CC [M]  fs/cifs/netmisc.o
  CC      block/blk-sysfs.o
  CC      kernel/trace/trace_events_filter.o
  CC [M]  fs/cifs/smbdes.o
  CC      block/blk-barrier.o
  CC [M]  fs/cifs/smbencrypt.o
  CC      kernel/trace/power-traces.o
  CC      block/blk-settings.o
  CC [M]  fs/cifs/transport.o
  LD      kernel/trace/built-in.o
  CC      kernel/futex.o
  CC      block/blk-ioc.o
  CC [M]  fs/cifs/asn1.o
  CC      block/blk-map.o
  CC      kernel/rtmutex.o
  CC [M]  fs/cifs/md4.o
  CC      block/blk-exec.o
  CC [M]  fs/cifs/md5.o
  CC      kernel/smp.o
  CC [M]  fs/cifs/cifs_unicode.o
  CC      kernel/spinlock.o
  CC      block/blk-merge.o
  CC [M]  fs/cifs/nterr.o
  CC [M]  fs/cifs/xattr.o
  CC      kernel/uid16.o
  CC      block/blk-softirq.o
  CC [M]  fs/cifs/cifsencrypt.o
  CC      kernel/module.o
  CC      block/blk-timeout.o
  CC [M]  fs/cifs/readdir.o
  CC      block/blk-iopoll.o
  CC      block/blk-lib.o
  CC [M]  fs/cifs/ioctl.o
  CC      kernel/kallsyms.o
  CC      block/ioctl.o
  CC [M]  fs/cifs/sess.o
  CC      kernel/acct.o
  CC      block/genhd.o
  CC [M]  fs/cifs/export.o
  CC      kernel/kexec.o
  CC [M]  fs/cifs/cifsacl.o
  CC      block/scsi_ioctl.o
  CC      kernel/cgroup.o
  LD [M]  fs/cifs/cifs.o
  CC      fs/debugfs/inode.o
  CC      block/noop-iosched.o
  CC      fs/debugfs/file.o
  CC      block/as-iosched.o
  LD      fs/debugfs/debugfs.o
  LD      fs/debugfs/built-in.o
  CC      fs/devpts/inode.o
  LD      fs/devpts/devpts.o
  LD      fs/devpts/built-in.o
  CC      fs/ext2/balloc.o
  CC      kernel/stop_machine.o
  CC      block/deadline-iosched.o
  CC      kernel/softlockup.o
  CC      block/cfq-iosched.o
  CC      fs/ext2/dir.o
  CC      kernel/hung_task.o
  CC      fs/ext2/file.o
  CC      kernel/rcutree.o
  CC      fs/ext2/ialloc.o
  CC      block/bfq-iosched.o
  CC      fs/ext2/inode.o
  CC      kernel/relay.o
  CC      fs/ext2/ioctl.o
  CC      kernel/utsname_sysctl.o
  CC      fs/ext2/namei.o
  CC      kernel/tracepoint.o
  CC      block/vr-iosched.o
  CC      kernel/elfcore.o
  CC      fs/ext2/super.o
  CC      kernel/sched_cpupri.o
  CC      kernel/slow-work.o
  CC      block/sio-iosched.o
  CC      kernel/perf_event.o
  CC      fs/ext2/symlink.o
  CC      fs/ext2/xattr.o
  CC      block/zen-iosched.o
  LD      block/built-in.o
  CC      drivers/amba/bus.o
  CC      fs/ext2/xattr_user.o
  CC      fs/ext2/xattr_trusted.o
  CC      fs/ext2/acl.o
  LD      drivers/amba/built-in.o
  LD      drivers/auxdisplay/built-in.o
  CC      drivers/base/core.o
  CC      fs/ext2/xattr_security.o
  LD      fs/ext2/ext2.o
  LD      fs/ext2/built-in.o
  CC      fs/ext3/balloc.o
  CC      drivers/base/sys.o
  CC      kernel/time.o
  CC      drivers/base/bus.o
  CC      fs/ext3/bitmap.o
  CC      drivers/base/dd.o
  CC      fs/ext3/dir.o
  LD      kernel/built-in.o
  CC      sound/sound_core.o
  CC      drivers/base/driver.o
  CC      drivers/base/class.o
  LD      sound/arm/built-in.o
  LD      sound/atmel/built-in.o
  CC      sound/core/hwdep.o
  CC      fs/ext3/file.o
  CC      drivers/base/platform.o
  CC      fs/ext3/fsync.o
  CC      sound/core/memalloc.o
  CC      drivers/base/cpu.o
  CC      fs/ext3/ialloc.o
  CC      sound/core/pcm.o
  CC      drivers/base/firmware.o
  CC      drivers/base/init.o
  CC      drivers/base/map.o
  CC      fs/ext3/inode.o
  CC      drivers/base/devres.o
  CC      sound/core/pcm_native.o
  CC      drivers/base/attribute_container.o
  CC      drivers/base/transport_class.o
  CC      drivers/base/power/sysfs.o
  CC      drivers/base/power/main.o
  CC      fs/ext3/ioctl.o
  CC      fs/ext3/namei.o
  CC      sound/core/pcm_lib.o
  CC      drivers/base/power/runtime.o
  CC      drivers/base/power/generic_ops.o
  LD      drivers/base/power/built-in.o
  CC      drivers/base/dma-mapping.o
  CC      fs/ext3/super.o
  CC      drivers/base/dma-coherent.o
  CC      sound/core/pcm_timer.o
  CC      drivers/base/firmware_class.o
  CC      sound/core/pcm_misc.o
  CC      sound/core/pcm_memory.o
  CC      drivers/base/topology.o
  CC      sound/core/rawmidi.o
  CC      fs/ext3/symlink.o
  CC      drivers/base/module.o
  CC      drivers/base/soc.o
  CC      fs/ext3/hash.o
  LD      drivers/base/built-in.o
  CC      drivers/block/brd.o
  CC      fs/ext3/resize.o
  CC      sound/core/timer.o
  CC      drivers/block/loop.o
  CC      fs/ext3/ext3_jbd.o
  CC      fs/ext3/xattr.o
  LD      drivers/block/built-in.o
  LD      drivers/bluetooth/built-in.o
  LD      drivers/bluetooth/bthid/built-in.o
  CC [M]  drivers/bluetooth/bthid/bthid.o
  CC      sound/core/sound.o
  LD      drivers/cdrom/built-in.o
  CC      drivers/char/mem.o
  CC      sound/core/init.o
  CC      fs/ext3/xattr_user.o
  CC      drivers/char/random.o
  CC      fs/ext3/xattr_trusted.o
  CC      sound/core/memory.o
  CC      sound/core/info.o
  CC      fs/ext3/acl.o
  CC      drivers/char/tty_io.o
  LD      fs/ext3/ext3.o
  CC      sound/core/control.o
  LD      fs/ext3/built-in.o
  CC      fs/ext4/balloc.o
  CC      fs/ext4/bitmap.o
  CC      drivers/char/n_tty.o
  CC      sound/core/misc.o
  CC      fs/ext4/dir.o
  CC      sound/core/device.o
  CC      sound/core/jack.o
  CC      fs/ext4/file.o
  CC      drivers/char/tty_ioctl.o
  LD      sound/core/snd.o
  LD      sound/core/snd-hwdep.o
  LD      sound/core/snd-timer.o
  LD      sound/core/snd-pcm.o
  LD      sound/core/snd-page-alloc.o
  LD      sound/core/snd-rawmidi.o
  LD      sound/core/built-in.o
  LD      sound/drivers/mpu401/built-in.o
  LD      sound/drivers/opl3/built-in.o
  LD      sound/drivers/opl4/built-in.o
  LD      sound/drivers/pcsp/built-in.o
  LD      sound/drivers/vx/built-in.o
  LD      sound/drivers/built-in.o
  LD      sound/i2c/other/built-in.o
  LD      sound/i2c/built-in.o
  LD      sound/isa/ad1816a/built-in.o
  LD      sound/isa/ad1848/built-in.o
  LD      sound/isa/cs423x/built-in.o
  LD      sound/isa/es1688/built-in.o
  LD      sound/isa/gus/built-in.o
  LD      sound/isa/msnd/built-in.o
  LD      sound/isa/opti9xx/built-in.o
  LD      sound/isa/sb/built-in.o
  LD      sound/isa/wavefront/built-in.o
  LD      sound/isa/wss/built-in.o
  LD      sound/isa/built-in.o
  LD      sound/mips/built-in.o
  LD      sound/parisc/built-in.o
  LD      sound/pci/ac97/built-in.o
  LD      sound/pci/ali5451/built-in.o
  LD      sound/pci/asihpi/built-in.o
  LD      sound/pci/au88x0/built-in.o
  LD      sound/pci/aw2/built-in.o
  CC      fs/ext4/fsync.o
  LD      sound/pci/ca0106/built-in.o
  LD      sound/pci/cs46xx/built-in.o
  LD      sound/pci/cs5535audio/built-in.o
  LD      sound/pci/ctxfi/built-in.o
  LD      sound/pci/echoaudio/built-in.o
  LD      sound/pci/emu10k1/built-in.o
  LD      sound/pci/hda/built-in.o
  LD      sound/pci/ice1712/built-in.o
  LD      sound/pci/korg1212/built-in.o
  LD      sound/pci/lx6464es/built-in.o
  LD      sound/pci/mixart/built-in.o
  LD      sound/pci/nm256/built-in.o
  LD      sound/pci/oxygen/built-in.o
  LD      sound/pci/pcxhr/built-in.o
  LD      sound/pci/riptide/built-in.o
  LD      sound/pci/rme9652/built-in.o
  LD      sound/pci/trident/built-in.o
  CC      drivers/char/tty_ldisc.o
  LD      sound/pci/vx222/built-in.o
  LD      sound/pci/ymfpci/built-in.o
  LD      sound/pci/built-in.o
  LD      sound/pcmcia/pdaudiocf/built-in.o
  LD      sound/pcmcia/vx/built-in.o
  LD      sound/pcmcia/built-in.o
  LD      sound/ppc/built-in.o
  LD      sound/sh/built-in.o
  CC      sound/soc/soc-core.o
  CC      fs/ext4/ialloc.o
  CC      drivers/char/tty_buffer.o
  CC      drivers/char/tty_port.o
  CC      fs/ext4/inode.o
  CC      drivers/char/pty.o
  CC      sound/soc/soc-dapm.o
  CC      drivers/char/misc.o
  CC      drivers/char/vt_ioctl.o
  CC      sound/soc/soc-jack.o
  CC      sound/soc/soc-cache.o
  CC      drivers/char/vc_screen.o
  CC      fs/ext4/ioctl.o
  CC      drivers/char/selection.o
  CC      sound/soc/soc-utils.o
  CC      fs/ext4/namei.o
  CC      drivers/char/keyboard.o
  LD      sound/soc/atmel/built-in.o
  LD      sound/soc/au1x/built-in.o
  LD      sound/soc/blackfin/built-in.o
  CC      sound/soc/codecs/ab8500_audio.o
  CC      sound/soc/codecs/cg29xx.o
  CC      drivers/char/consolemap.o
  CC      fs/ext4/super.o
  CONMK   drivers/char/consolemap_deftbl.c
  CC      drivers/char/vt.o
  LD      sound/soc/codecs/snd-soc-ab8500_audio.o
  LD      sound/soc/codecs/snd-soc-cg29xx.o
  LD      sound/soc/codecs/built-in.o
  LD      sound/soc/davinci/built-in.o
  LD      sound/soc/ep93xx/built-in.o
  LD      sound/soc/fsl/built-in.o
  LD      sound/soc/imx/built-in.o
  LD      sound/soc/jz4740/built-in.o
  LD      sound/soc/kirkwood/built-in.o
  LD      sound/soc/nuc900/built-in.o
  LD      sound/soc/omap/built-in.o
  LD      sound/soc/pxa/built-in.o
  LD      sound/soc/s3c24xx/built-in.o
  LD      sound/soc/s6000/built-in.o
  LD      sound/soc/sh/built-in.o
  LD      sound/soc/txx9/built-in.o
  CC      sound/soc/ux500/ux500_ab8500.o
  CC      sound/soc/ux500/ux500_cg29xx.o
  CC      sound/soc/ux500/ux500_pcm.o
  SHIPPED drivers/char/defkeymap.c
  CC      drivers/char/sysrq.o
  CC      sound/soc/ux500/ux500_msp_dai.o
  CC      drivers/char/shrm_char.o
  CC      sound/soc/ux500/u8500.o
  CC      fs/ext4/symlink.o
  LD      sound/soc/ux500/snd-soc-u8500.o
  LD      sound/soc/ux500/built-in.o
  LD      sound/soc/snd-soc-core.o
  LD      sound/soc/built-in.o
  CC      fs/ext4/hash.o
  LD      sound/sparc/built-in.o
  LD      sound/spi/built-in.o
  LD      sound/synth/built-in.o
  CC      sound/usb/card.o
  CC      drivers/char/consolemap_deftbl.o
  CC      drivers/char/defkeymap.o
  LD      drivers/char/built-in.o
  LD      drivers/clocksource/built-in.o
  CC      drivers/cpufreq/cpufreq.o
  CC      fs/ext4/resize.o
  CC      sound/usb/mixer.o
  CC      drivers/cpufreq/cpufreq_stats.o
  CC      fs/ext4/extents.o
  CC      drivers/cpufreq/cpufreq_performance.o
  CC      drivers/cpufreq/cpufreq_powersave.o
  CC      sound/usb/mixer_quirks.o
  CC      drivers/cpufreq/cpufreq_userspace.o
  CC      drivers/cpufreq/cpufreq_ondemand.o
  CC      sound/usb/proc.o
  CC      sound/usb/quirks.o
  CC      drivers/cpufreq/cpufreq_conservative.o
  CC      fs/ext4/ext4_jbd2.o
  CC      sound/usb/format.o
  CC      fs/ext4/migrate.o
  CC      drivers/cpufreq/cpufreq_ondemandx.o
  CC      sound/usb/endpoint.o
  CC      fs/ext4/mballoc.o
  CC      drivers/cpufreq/cpufreq_interactive.o
  CC      drivers/cpufreq/cpufreq_interactivex.o
  CC      sound/usb/urb.o
  CC      drivers/cpufreq/cpufreq_lionheart.o
  CC      sound/usb/pcm.o
  CC      drivers/cpufreq/cpufreq_smartass2.o
  CC      drivers/cpufreq/cpufreq_pegasusq.o
  CC      sound/usb/helper.o
  CC      sound/usb/clock.o
  CC      fs/ext4/block_validity.o
  CC      drivers/cpufreq/cpufreq_lagfree.o
  CC      sound/usb/midi.o
  CC      fs/ext4/move_extent.o
  CC      drivers/cpufreq/cpufreq_lazy.o
  CC      fs/ext4/xattr.o
  CC      drivers/cpufreq/cpufreq_skywalker.o
  LD      sound/usb/caiaq/built-in.o
  LD      sound/usb/misc/built-in.o
  LD      sound/usb/usx2y/built-in.o
  LD      sound/usb/snd-usb-audio.o
  LD      sound/usb/snd-usbmidi-lib.o
  LD      sound/usb/built-in.o
  CC      sound/last.o
  LD      sound/soundcore.o
  LD      sound/built-in.o
  CC      drivers/cpufreq/freq_table.o
  CC      fs/ext4/xattr_user.o
  LD      drivers/cpufreq/built-in.o
  CC      drivers/cpuidle/cpuidle.o
  CC      fs/ext4/xattr_trusted.o
  CC      fs/ext4/acl.o
  CC      drivers/cpuidle/driver.o
  CC      drivers/cpuidle/governor.o
  CC      fs/fat/cache.o
  CC      drivers/cpuidle/sysfs.o
  LD      fs/ext4/ext4.o
  CC      drivers/cpuidle/governors/ladder.o
  LD      fs/ext4/built-in.o
  CC      fs/fuse/dev.o
  CC      fs/fat/dir.o
  CC      drivers/cpuidle/governors/menu.o
  LD      drivers/cpuidle/governors/built-in.o
  LD      drivers/cpuidle/built-in.o
  CC      drivers/crypto/ux500/hash/hash_core.o
  CC      fs/fuse/dir.o
  LD      drivers/crypto/ux500/hash/u8500_hash.o
  LD      drivers/crypto/ux500/hash/built-in.o
  LD      drivers/crypto/ux500/built-in.o
  LD      drivers/crypto/built-in.o
  CC      drivers/dma/dmaengine.o
  CC      fs/fat/fatent.o
  CC      fs/fuse/file.o
  CC      fs/fat/file.o
  CC      drivers/dma/ste_dma40.o
  CC      fs/fat/inode.o
  CC      fs/fuse/inode.o
  CC      fs/fat/misc.o
  CC      drivers/dma/ste_dma40_ll.o
  CC      fs/fuse/control.o
  LD      fs/fuse/fuse.o
  LD      fs/fuse/built-in.o
  CC      fs/jbd/transaction.o
  LD      drivers/dma/built-in.o
  LD      drivers/firmware/built-in.o
  CC      drivers/gpio/gpiolib.o
  CC      fs/fat/namei_vfat.o
  LD      fs/fat/fat.o
  LD      fs/fat/vfat.o
  LD      fs/fat/built-in.o
  CC      fs/jbd2/transaction.o
  CC      drivers/gpio/ab8500-gpio.o
  CC      fs/jbd/commit.o
  LD      drivers/gpio/built-in.o
  LD      drivers/gpu/drm/i2c/built-in.o
  LD      drivers/gpu/drm/built-in.o
  CC      fs/jbd/recovery.o
  CC      drivers/gpu/mali/mali400ko/driver/src/devicedrv/mali/common/mali_kernel_core.o
  CC      fs/jbd2/commit.o
  CC      drivers/gpu/mali/mali400ko/driver/src/devicedrv/mali/linux/mali_kernel_linux.o
  CC      fs/jbd/checkpoint.o
  CC      drivers/gpu/mali/mali400ko/driver/src/devicedrv/mali/linux/mali_osk_indir_mmap.o
  CC      fs/jbd2/recovery.o
  CC      drivers/gpu/mali/mali400ko/driver/src/devicedrv/mali/common/mali_kernel_rendercore.o
  CC      fs/jbd/revoke.o
  CC      fs/jbd2/checkpoint.o
  CC      fs/jbd/journal.o
  CC      drivers/gpu/mali/mali400ko/driver/src/devicedrv/mali/common/mali_kernel_descriptor_mapping.o
  CC      drivers/gpu/mali/mali400ko/driver/src/devicedrv/mali/common/mali_kernel_vsync.o
  CC      drivers/gpu/mali/mali400ko/driver/src/devicedrv/mali/linux/mali_ukk_vsync.o
  CC      fs/jbd2/revoke.o
  CC      drivers/gpu/mali/mali400ko/driver/src/devicedrv/mali/linux/mali_kernel_sysfs.o
  CC      drivers/gpu/mali/mali400ko/driver/src/devicedrv/mali/platform/ux500/mali_platform.o
  LD      fs/jbd/jbd.o
  LD      fs/jbd/built-in.o
  CC      fs/nls/nls_base.o
  CC      fs/jbd2/journal.o
  CC      drivers/gpu/mali/mali400ko/driver/src/devicedrv/mali/linux/mali_osk_atomics.o
  CC      drivers/gpu/mali/mali400ko/driver/src/devicedrv/mali/linux/mali_osk_irq.o
  CC      fs/nls/nls_cp437.o
  CC      fs/nls/nls_iso8859-1.o
  LD      fs/nls/built-in.o
  CC      fs/notify/fsnotify.o
  CC      drivers/gpu/mali/mali400ko/driver/src/devicedrv/mali/linux/mali_osk_locks.o
  CC      drivers/gpu/mali/mali400ko/driver/src/devicedrv/mali/linux/mali_osk_low_level_mem.o
  CC      fs/notify/notification.o
  CC      drivers/gpu/mali/mali400ko/driver/src/devicedrv/mali/linux/mali_osk_math.o
  CC      fs/notify/group.o
  CC      drivers/gpu/mali/mali400ko/driver/src/devicedrv/mali/linux/mali_osk_memory.o
  CC      drivers/gpu/mali/mali400ko/driver/src/devicedrv/mali/linux/mali_osk_misc.o
  CC      fs/notify/inode_mark.o
  CC      drivers/gpu/mali/mali400ko/driver/src/devicedrv/mali/linux/mali_osk_mali.o
  CC      drivers/gpu/mali/mali400ko/driver/src/devicedrv/mali/linux/mali_osk_notification.o
  CC      fs/notify/dnotify/dnotify.o
  LD      fs/jbd2/jbd2.o
  LD      fs/jbd2/built-in.o
  CC      fs/ntfs/aops.o
  CC      drivers/gpu/mali/mali400ko/driver/src/devicedrv/mali/linux/mali_osk_time.o
  CC      drivers/gpu/mali/mali400ko/driver/src/devicedrv/mali/linux/mali_osk_timers.o
  LD      fs/notify/dnotify/built-in.o
  CC      fs/notify/inotify/inotify.o
  CC      drivers/gpu/mali/mali400ko/driver/src/devicedrv/mali/linux/mali_ukk_mem.o
  CC      drivers/gpu/mali/mali400ko/driver/src/devicedrv/mali/linux/mali_ukk_gp.o
  CC      fs/ntfs/attrib.o
  CC      fs/notify/inotify/inotify_fsnotify.o
  CC      drivers/gpu/mali/mali400ko/driver/src/devicedrv/mali/linux/mali_ukk_pp.o
  CC      drivers/gpu/mali/mali400ko/driver/src/devicedrv/mali/linux/mali_ukk_core.o
  CC      fs/notify/inotify/inotify_user.o
  CC      drivers/gpu/mali/mali400ko/driver/src/devicedrv/mali/common/pmm/mali_pmm.o
  CC      drivers/gpu/mali/mali400ko/driver/src/devicedrv/mali/common/pmm/mali_pmm_policy.o
  CC      fs/ntfs/collate.o
  CC      drivers/gpu/mali/mali400ko/driver/src/devicedrv/mali/common/pmm/mali_pmm_policy_alwayson.o
  CC      drivers/gpu/mali/mali400ko/driver/src/devicedrv/mali/common/pmm/mali_pmm_policy_jobcontrol.o
  LD      fs/notify/inotify/built-in.o
  LD      fs/notify/built-in.o
  CC      fs/partitions/check.o
  CC      drivers/gpu/mali/mali400ko/driver/src/devicedrv/mali/common/pmm/mali_pmm_state.o
  CC      fs/ntfs/compress.o
  CC      drivers/gpu/mali/mali400ko/driver/src/devicedrv/mali/linux/mali_kernel_pm.o
  CC      drivers/gpu/mali/mali400ko/driver/src/devicedrv/mali/linux/mali_osk_pm.o
  CC      fs/partitions/blkdev_parts.o
  CC      drivers/gpu/mali/mali400ko/driver/src/devicedrv/mali/linux/mali_device_pause_resume.o
  CC      fs/ntfs/debug.o
  CC      fs/ntfs/dir.o
  CC      drivers/gpu/mali/mali400ko/driver/src/devicedrv/mali/common/mali_kernel_utilization.o
  CC      drivers/gpu/mali/mali400ko/driver/src/devicedrv/mali/common/mali_kernel_MALI200.o
  CC      fs/partitions/msdos.o
  CC      drivers/gpu/mali/mali400ko/driver/src/devicedrv/mali/common/mali_kernel_GP2.o
  CC      fs/partitions/efi.o
  CC      drivers/gpu/mali/mali400ko/driver/src/devicedrv/mali/common/mali_kernel_mem_mmu.o
  CC      fs/ntfs/file.o
  CC      fs/ntfs/index.o
  LD      fs/partitions/built-in.o
  CC      fs/proc/mmu.o
  CC      fs/proc/task_mmu.o
  CC      fs/ntfs/inode.o
  CC      drivers/gpu/mali/mali400ko/driver/src/devicedrv/mali/common/mali_kernel_memory_engine.o
  CC      drivers/gpu/mali/mali400ko/driver/src/devicedrv/mali/common/mali_block_allocator.o
  CC      drivers/gpu/mali/mali400ko/driver/src/devicedrv/mali/common/mali_kernel_mem_os.o
  CC      fs/proc/inode.o
  CC      drivers/gpu/mali/mali400ko/driver/src/devicedrv/mali/common/mali_kernel_l2_cache.o
  CC      drivers/gpu/mali/mali400ko/driver/src/devicedrv/mali/platform/ux500/ump_kernel_api_hwmem.o
  LD      drivers/gpu/mali/mali400ko/driver/src/devicedrv/mali/mali.o
  LD      drivers/gpu/mali/mali400ko/driver/src/devicedrv/mali/built-in.o
  LD      drivers/gpu/mali/built-in.o
  CC      fs/proc/root.o
  LD      drivers/gpu/vga/built-in.o
  LD      drivers/gpu/built-in.o
  CC      drivers/hid/hid-core.o
  CC      fs/proc/base.o
  CC      fs/ntfs/mft.o
  CC      fs/ntfs/mst.o
  CC      drivers/hid/hid-input.o
  CC      fs/ntfs/namei.o
  CC      fs/proc/generic.o
  CC      fs/ntfs/runlist.o
  CC      drivers/hid/hid-debug.o
  CC      fs/proc/array.o
  CC      drivers/hid/hid-samsung.o
  CC      fs/proc/proc_tty.o
  CC      fs/ntfs/super.o
  CC      fs/proc/cmdline.o
  CC      fs/proc/cpuinfo.o
  CC      drivers/hid/usbhid/hid-core.o
  CC      fs/proc/devices.o
  CC      fs/proc/interrupts.o
  CC      fs/proc/loadavg.o
  CC      fs/ntfs/sysctl.o
  CC      fs/ntfs/unistr.o
  CC      fs/proc/meminfo.o
  CC      drivers/hid/usbhid/hid-quirks.o
  CC      fs/proc/stat.o
  CC      fs/ntfs/upcase.o
  LD      drivers/hid/usbhid/usbhid.o
  LD      drivers/hid/usbhid/built-in.o
  LD      drivers/hid/hid.o
  LD      drivers/hid/built-in.o
  LD      drivers/hsi/clients/built-in.o
  LD      drivers/hsi/controllers/built-in.o
  LD      drivers/hsi/built-in.o
  CC      drivers/hwmon/hwmon.o
  CC      fs/proc/uptime.o
  LD      fs/ntfs/ntfs.o
  LD      fs/ntfs/built-in.o
  CC      fs/quota/dquot.o
  CC      drivers/hwmon/ab8500.o
  CC      fs/proc/version.o
  CC      fs/proc/softirqs.o
  CC      drivers/hwmon/db8500.o
  CC      fs/proc/proc_sysctl.o
  CC      fs/proc/proc_net.o
  LD      drivers/hwmon/built-in.o
  CC      drivers/i2c/i2c-boardinfo.o
  CC      drivers/i2c/i2c-core.o
  CC      fs/quota/quota.o
  CC      fs/proc/vmcore.o
  LD      fs/quota/built-in.o
  CC      fs/ramfs/inode.o
  CC      fs/proc/kmsg.o
  CC      fs/proc/page.o
  CC      drivers/i2c/i2c-dev.o
  CC      fs/ramfs/file-mmu.o
  LD      fs/proc/proc.o
  LD      fs/ramfs/ramfs.o
  LD      fs/ramfs/built-in.o
  CC      fs/sysfs/inode.o
  LD      fs/proc/built-in.o
  CC      fs/eventpoll.o
  CC      drivers/i2c/algos/i2c-algo-bit.o
  CC      fs/sysfs/file.o
  LD      drivers/i2c/algos/built-in.o
  CC      drivers/i2c/busses/i2c-gpio.o
  CC      fs/anon_inodes.o
  CC      fs/sysfs/dir.o
  CC      fs/signalfd.o
  CC      drivers/i2c/busses/i2c-nomadik.o
  CC      fs/sysfs/symlink.o
  CC      fs/timerfd.o
  LD      drivers/i2c/busses/built-in.o
  LD      drivers/i2c/built-in.o
  LD      drivers/idle/built-in.o
  LD      drivers/ieee1394/built-in.o
  LD      drivers/ieee802154/built-in.o
  CC      drivers/input/input.o
  CC      fs/sysfs/mount.o
  CC      fs/eventfd.o
  CC      fs/sysfs/bin.o
  CC      fs/aio.o
  CC      drivers/input/input-compat.o
  CC      fs/sysfs/group.o
  CC      drivers/input/ff-core.o
  LD      fs/sysfs/built-in.o
  CC      fs/locks.o
  CC      drivers/input/ff-memless.o
  CC      drivers/input/evdev.o
  CC      fs/binfmt_script.o
  CC      fs/binfmt_elf.o
  CC      fs/mbcache.o
  CC      drivers/input/keyboard/gpio_keys.o
  CC      fs/posix_acl.o
  CC      drivers/input/keyboard/cypress/cypress-touchkey.o
  CC      fs/xattr_acl.o
  CC      fs/generic_acl.o
  CC      drivers/input/misc/ab8500-ponkey.o
  LD      fs/built-in.o
  LD      firmware/built-in.o
  CC      net/socket.o
  CC      drivers/input/misc/uinput.o
  CC      drivers/input/keyboard/cypress/issp_main.o
  LD      drivers/input/misc/built-in.o
  CC      drivers/input/touchscreen/mxt224_janice.o
  CC      drivers/input/keyboard/cypress/issp_routines.o
  CC      drivers/input/keyboard/cypress/issp_driver_routines.o
  LD      net/802/built-in.o
  CC      net/9p/mod.o
  LD      drivers/input/keyboard/cypress/built-in.o
  CC      drivers/input/keyboard/nextchip/nextchip-touchkey.o
  CC      net/9p/client.o
  LD      drivers/input/touchscreen/built-in.o
  LD      drivers/input/input-core.o
  CC      arch/arm/lib/uaccess_with_memcpy.o
  CC      drivers/input/keyboard/nextchip/nextchip-i2cm.o
  CC      net/9p/error.o
  CC      net/9p/util.o
  AS      arch/arm/lib/ashldi3.o
  AS      arch/arm/lib/ashrdi3.o
  AS      arch/arm/lib/backtrace.o
  AS      arch/arm/lib/changebit.o
  AS      arch/arm/lib/clear_user.o
  LD      drivers/input/keyboard/nextchip/built-in.o
  LD      drivers/input/keyboard/built-in.o
  AS      arch/arm/lib/clearbit.o
  LD      drivers/input/built-in.o
  AS      arch/arm/lib/copy_from_user.o
  CC      drivers/input/serio/serio.o
  AS      arch/arm/lib/copy_page.o
  AS      arch/arm/lib/copy_to_user.o
  AS      arch/arm/lib/csumipv6.o
  AS      arch/arm/lib/csumpartial.o
  AS      arch/arm/lib/csumpartialcopy.o
  CC      net/9p/protocol.o
  AS      arch/arm/lib/csumpartialcopyuser.o
  CC      arch/arm/lib/delay.o
  AS      arch/arm/lib/div64.o
  AS      arch/arm/lib/findbit.o
  AS      arch/arm/lib/getuser.o
  AS      arch/arm/lib/io-readsb.o
  AS      arch/arm/lib/io-readsl.o
  AS      arch/arm/lib/io-readsw-armv4.o
  AS      arch/arm/lib/io-writesb.o
  AS      arch/arm/lib/io-writesl.o
  AS      arch/arm/lib/io-writesw-armv4.o
  AS      arch/arm/lib/lib1funcs.o
  AS      arch/arm/lib/lshrdi3.o
  AS      arch/arm/lib/memchr.o
  CC      net/9p/trans_fd.o
  AS      arch/arm/lib/memcpy.o
  AS      arch/arm/lib/memmove.o
  AS      arch/arm/lib/memset.o
  AS      arch/arm/lib/memzero.o
  AS      arch/arm/lib/muldi3.o
  AS      arch/arm/lib/putuser.o
  AS      arch/arm/lib/setbit.o
  AS      arch/arm/lib/sha1.o
  AS      arch/arm/lib/strchr.o
  CC      drivers/input/serio/serport.o
  AS      arch/arm/lib/strncpy_from_user.o
  AS      arch/arm/lib/strnlen_user.o
  AS      arch/arm/lib/strrchr.o
  AS      arch/arm/lib/testchangebit.o
  AS      arch/arm/lib/testclearbit.o
  AS      arch/arm/lib/testsetbit.o
  AS      arch/arm/lib/ucmpdi2.o
  LD      arch/arm/lib/built-in.o
  AR      arch/arm/lib/lib.a
  CC      lib/bcd.o
  CC      lib/div64.o
  LD      drivers/input/serio/built-in.o
  CC      drivers/leds/led-core.o
  CC      lib/sort.o
  CC      drivers/leds/led-class.o
  LD      net/9p/9pnet.o
  LD      net/9p/built-in.o
  CC      net/bluetooth/af_bluetooth.o
  CC      lib/parser.o
  CC      drivers/leds/led-triggers.o
  CC      lib/halfmd4.o
  CC      drivers/leds/ktd267.o
  CC      lib/debug_locks.o
  CC      lib/random32.o
  LD      drivers/leds/built-in.o
  LD      drivers/lguest/built-in.o
  LD      drivers/macintosh/built-in.o
  CC      drivers/md/raid1.o
  CC      net/bluetooth/hci_core.o
  CC      lib/bust_spinlocks.o
  CC      lib/hexdump.o
  CC      lib/kasprintf.o
  CC      lib/bitmap.o
  CC      lib/scatterlist.o
  CC      net/bluetooth/hci_conn.o
  CC      drivers/md/dm-raid1.o
  CC      lib/string_helpers.o
  CC      lib/gcd.o
  CC      lib/lcm.o
  CC      lib/list_sort.o
  CC      lib/uuid.o
  CC      lib/kstrtox.o
  CC      drivers/md/dm.o
  CC      net/bluetooth/hci_event.o
  CC      lib/iomap_copy.o
  CC      lib/devres.o
  CC      lib/find_last_bit.o
  CC      lib/hweight.o
  CC      lib/kernel_lock.o
  CC      drivers/md/dm-table.o
  CC      net/bluetooth/hci_sock.o
  CC      lib/bitrev.o
  CC      lib/crc-ccitt.o
  CC      lib/crc16.o
  CC      net/bluetooth/hci_sysfs.o
  HOSTCC  lib/gen_crc32table
  CC      drivers/md/dm-target.o
  CC      lib/crc7.o
  CC      lib/libcrc32c.o
  CC      lib/lzo/lzo1x_decompress.o
  CC      drivers/md/dm-linear.o
  LD      lib/lzo/lzo_decompress.o
  LD      lib/lzo/built-in.o
  CC      lib/zlib_deflate/deflate.o
  CC      net/bluetooth/lib.o
  CC      drivers/md/dm-stripe.o
  CC      lib/zlib_deflate/deftree.o
  CC      net/bluetooth/l2cap.o
  CC      lib/zlib_deflate/deflate_syms.o
  CC      drivers/md/dm-ioctl.o
  LD      lib/zlib_deflate/zlib_deflate.o
  LD      lib/zlib_deflate/built-in.o
  CC      lib/zlib_inflate/inffast.o
  CC      lib/zlib_inflate/inflate.o
  CC      lib/zlib_inflate/infutil.o
  CC      lib/zlib_inflate/inftrees.o
  CC      drivers/md/dm-io.o
  CC      lib/zlib_inflate/inflate_syms.o
  LD      lib/zlib_inflate/zlib_inflate.o
  LD      lib/zlib_inflate/built-in.o
  CC      lib/textsearch.o
  CC      lib/ts_kmp.o
  CC      lib/ts_bm.o
  CC      drivers/md/dm-kcopyd.o
  CC      lib/ts_fsm.o
  CC      lib/percpu_counter.o
  CC      lib/nlattr.o
  CC      drivers/md/dm-sysfs.o
  CC      drivers/md/dm-path-selector.o
  CC      lib/argv_split.o
  CC      lib/cmdline.o
  CC      lib/cpumask.o
  CC      net/bluetooth/sco.o
  CC      drivers/md/dm-mpath.o
  CC      lib/ctype.o
  CC      lib/dec_and_lock.o
  CC      lib/decompress.o
  CC      lib/decompress_unlzo.o
  CC      lib/dump_stack.o
  CC      lib/extable.o
  CC      net/bluetooth/bnep/core.o
  CC      drivers/md/dm-snap.o
  CC      lib/flex_array.o
  CC      lib/idr.o
  CC      lib/int_sqrt.o
  CC      net/bluetooth/bnep/sock.o
  CC      lib/ioremap.o
  CC      lib/irq_regs.o
  CC      lib/is_single_threaded.o
  CC      drivers/md/dm-exception-store.o
  CC      net/bluetooth/bnep/netdev.o
  CC      lib/jhash.o
  CC      lib/klist.o
  CC      lib/kobject.o
  LD      net/bluetooth/bnep/bnep.o
  CC      drivers/md/dm-snap-transient.o
  LD      net/bluetooth/bnep/built-in.o
  CC      net/bluetooth/hidp/core.o
  CC      lib/kobject_uevent.o
  CC      drivers/md/dm-snap-persistent.o
  CC      net/bluetooth/hidp/sock.o
  CC      drivers/md/md.o
  CC      lib/kref.o
  CC      lib/memcopy.o
  CC      lib/plist.o
  LD      net/bluetooth/hidp/hidp.o
  LD      net/bluetooth/hidp/built-in.o
  CC      net/bluetooth/rfcomm/core.o
  CC      lib/prio_heap.o
  CC      lib/prio_tree.o
  CC      lib/proportions.o
  CC      lib/radix-tree.o
  CC      lib/ratelimit.o
  CC      net/bluetooth/rfcomm/sock.o
  CC      lib/rbtree.o
  CC      lib/reciprocal_div.o
  CC      lib/rwsem.o
  CC      lib/sha1.o
  CC      lib/show_mem.o
  CC      net/bluetooth/rfcomm/tty.o
  CC      lib/string.o
  CC      lib/vsprintf.o
  CC      drivers/md/bitmap.o
  LD      net/bluetooth/rfcomm/rfcomm.o
  LD      net/bluetooth/rfcomm/built-in.o
  LD      net/bluetooth/bluetooth.o
  LD      net/bluetooth/built-in.o
  CC      net/core/sock.o
  GEN     lib/crc32table.h
  AR      lib/lib.a
  CC      lib/crc32.o
  LD      lib/built-in.o
  CC      drivers/md/raid5.o
  CC      drivers/md/raid6algos.o
  CC      net/core/request_sock.o
  CC      drivers/md/raid6recov.o
  CC      net/core/skbuff.o
  HOSTCC  drivers/md/mktables
  UNROLL  drivers/md/raid6int1.c
  UNROLL  drivers/md/raid6int2.c
  UNROLL  drivers/md/raid6int4.c
  UNROLL  drivers/md/raid6int8.c
  UNROLL  drivers/md/raid6int16.c
  UNROLL  drivers/md/raid6int32.c
  UNROLL  drivers/md/raid6altivec1.c
  UNROLL  drivers/md/raid6altivec2.c
  UNROLL  drivers/md/raid6altivec4.c
  UNROLL  drivers/md/raid6altivec8.c
  CC      drivers/md/raid6mmx.o
  CC      drivers/md/raid6sse1.o
  CC      drivers/md/raid6sse2.o
  CC      drivers/md/multipath.o
  CC      drivers/md/dm-crypt.o
  CC      net/core/iovec.o
  CC      drivers/md/dm-round-robin.o
  CC      drivers/md/dm-queue-length.o
  CC      drivers/md/dm-service-time.o
  CC      net/core/datagram.o
  CC      drivers/md/dm-log.o
  CC      drivers/md/dm-region-hash.o
  CC      net/core/stream.o
  CC      drivers/md/dm-zero.o
  TABLE   drivers/md/raid6tables.c
  CC      drivers/md/raid6int1.o
  CC      drivers/md/raid6int2.o
  CC      net/core/scm.o
  CC      drivers/md/raid6int4.o
  CC      drivers/md/raid6int8.o
  CC      drivers/md/raid6int16.o
  CC      drivers/md/raid6int32.o
  CC      net/core/gen_stats.o
  CC      drivers/md/raid6altivec1.o
  CC      drivers/md/raid6altivec2.o
  CC      drivers/md/raid6altivec4.o
  CC      net/core/gen_estimator.o
  CC      drivers/md/raid6altivec8.o
  CC      net/ethernet/eth.o
  CC      drivers/md/raid6tables.o
  CC      net/core/net_namespace.o
  LD      net/ethernet/built-in.o
  LD      net/ieee802154/built-in.o
  CC      net/ipv4/route.o
  LD      drivers/md/raid6_pq.o
  CC      net/core/sysctl_net_core.o
  LD      drivers/md/raid456.o
  LD      drivers/md/md-mod.o
  LD      drivers/md/dm-mod.o
  LD      drivers/md/dm-multipath.o
  LD      drivers/md/dm-snapshot.o
  LD      drivers/md/dm-mirror.o
  LD      drivers/md/built-in.o
  CC      drivers/media/IR/keymaps/rc-adstech-dvb-t-pci.o
  CC      drivers/media/IR/keymaps/rc-apac-viewcomp.o
  CC      drivers/media/IR/keymaps/rc-asus-pc39.o
  CC      net/core/dev.o
  CC      drivers/media/IR/keymaps/rc-ati-tv-wonder-hd-600.o
  CC      drivers/media/IR/keymaps/rc-avermedia-a16d.o
  CC      drivers/media/IR/keymaps/rc-avermedia.o
  CC      drivers/media/IR/keymaps/rc-avermedia-cardbus.o
  CC      drivers/media/IR/keymaps/rc-avermedia-dvbt.o
  CC      drivers/media/IR/keymaps/rc-avermedia-m135a.o
  CC      drivers/media/IR/keymaps/rc-avermedia-m733a-rm-k6.o
  CC      drivers/media/IR/keymaps/rc-avertv-303.o
  CC      net/ipv4/inetpeer.o
  CC      drivers/media/IR/keymaps/rc-behold.o
  CC      drivers/media/IR/keymaps/rc-behold-columbus.o
  CC      drivers/media/IR/keymaps/rc-budget-ci-old.o
  CC      drivers/media/IR/keymaps/rc-cinergy-1400.o
  CC      net/ipv4/protocol.o
  CC      drivers/media/IR/keymaps/rc-cinergy.o
  CC      drivers/media/IR/keymaps/rc-dm1105-nec.o
  CC      drivers/media/IR/keymaps/rc-dntv-live-dvb-t.o
  CC      drivers/media/IR/keymaps/rc-dntv-live-dvbt-pro.o
  CC      net/ipv4/ip_input.o
  CC      drivers/media/IR/keymaps/rc-empty.o
  CC      net/core/ethtool.o
  CC      drivers/media/IR/keymaps/rc-em-terratec.o
  CC      drivers/media/IR/keymaps/rc-encore-enltv2.o
  CC      drivers/media/IR/keymaps/rc-encore-enltv.o
  CC      drivers/media/IR/keymaps/rc-encore-enltv-fm53.o
  CC      net/ipv4/ip_fragment.o
  CC      drivers/media/IR/keymaps/rc-evga-indtube.o
  CC      drivers/media/IR/keymaps/rc-eztv.o
  CC      drivers/media/IR/keymaps/rc-flydvb.o
  CC      drivers/media/IR/keymaps/rc-flyvideo.o
  CC      net/core/dev_addr_lists.o
  CC      drivers/media/IR/keymaps/rc-fusionhdtv-mce.o
  CC      drivers/media/IR/keymaps/rc-gadmei-rm008z.o
  CC      net/ipv4/ip_forward.o
  CC      drivers/media/IR/keymaps/rc-genius-tvgo-a11mce.o
  CC      drivers/media/IR/keymaps/rc-gotview7135.o
  CC      drivers/media/IR/keymaps/rc-hauppauge-new.o
  CC      net/core/dst.o
  CC      drivers/media/IR/keymaps/rc-imon-mce.o
  CC      net/ipv4/ip_options.o
  CC      drivers/media/IR/keymaps/rc-imon-pad.o
  CC      drivers/media/IR/keymaps/rc-iodata-bctv7e.o
  CC      drivers/media/IR/keymaps/rc-kaiomy.o
  CC      net/core/netevent.o
  CC      drivers/media/IR/keymaps/rc-kworld-315u.o
  CC      drivers/media/IR/keymaps/rc-kworld-plus-tv-analog.o
  CC      net/core/neighbour.o
  CC      net/ipv4/ip_output.o
  CC      drivers/media/IR/keymaps/rc-manli.o
  CC      drivers/media/IR/keymaps/rc-msi-tvanywhere.o
  CC      drivers/media/IR/keymaps/rc-msi-tvanywhere-plus.o
  CC      drivers/media/IR/keymaps/rc-nebula.o
  CC      drivers/media/IR/keymaps/rc-nec-terratec-cinergy-xs.o
  CC      drivers/media/IR/keymaps/rc-norwood.o
  CC      drivers/media/IR/keymaps/rc-npgtech.o
  CC      drivers/media/IR/keymaps/rc-pctv-sedna.o
  CC      drivers/media/IR/keymaps/rc-pinnacle-color.o
  CC      net/ipv4/ip_sockglue.o
  CC      drivers/media/IR/keymaps/rc-pinnacle-grey.o
  CC      drivers/media/IR/keymaps/rc-pinnacle-pctv-hd.o
  CC      net/core/rtnetlink.o
  CC      drivers/media/IR/keymaps/rc-pixelview.o
  CC      drivers/media/IR/keymaps/rc-pixelview-mk12.o
  CC      drivers/media/IR/keymaps/rc-pixelview-new.o
  CC      drivers/media/IR/keymaps/rc-powercolor-real-angel.o
  CC      drivers/media/IR/keymaps/rc-proteus-2309.o
  CC      drivers/media/IR/keymaps/rc-purpletv.o
  CC      net/ipv4/inet_hashtables.o
  CC      drivers/media/IR/keymaps/rc-pv951.o
  CC      drivers/media/IR/keymaps/rc-rc5-hauppauge-new.o
  CC      net/core/utils.o
  CC      drivers/media/IR/keymaps/rc-rc5-tv.o
  CC      drivers/media/IR/keymaps/rc-real-audio-220-32-keys.o
  CC      drivers/media/IR/keymaps/rc-tbs-nec.o
  CC      drivers/media/IR/keymaps/rc-terratec-cinergy-xs.o
  CC      net/ipv4/inet_timewait_sock.o
  CC      drivers/media/IR/keymaps/rc-tevii-nec.o
  CC      net/core/link_watch.o
  CC      drivers/media/IR/keymaps/rc-tt-1500.o
  CC      drivers/media/IR/keymaps/rc-videomate-s350.o
  CC      drivers/media/IR/keymaps/rc-videomate-tv-pvr.o
  CC      drivers/media/IR/keymaps/rc-winfast.o
  CC      net/ipv4/inet_connection_sock.o
  CC      net/core/filter.o
  CC      drivers/media/IR/keymaps/rc-winfast-usbii-deluxe.o
  LD      drivers/media/IR/keymaps/built-in.o
  CC      drivers/media/IR/ir-functions.o
  CC      drivers/media/IR/ir-keytable.o
  CC      net/core/flow.o
  CC      net/ipv4/tcp.o
  CC      drivers/media/IR/ir-sysfs.o
  CC      drivers/media/IR/ir-raw-event.o
  CC      net/core/net-sysfs.o
  CC      drivers/media/IR/rc-map.o
  CC      drivers/media/IR/ir-nec-decoder.o
  CC      drivers/media/IR/ir-rc5-decoder.o
  CC      net/core/fib_rules.o
  CC      drivers/media/IR/ir-rc6-decoder.o
  CC      net/ipv4/tcp_input.o
  CC      drivers/media/IR/ir-jvc-decoder.o
  CC      drivers/media/IR/ir-sony-decoder.o
  LD      drivers/media/IR/ir-core.o
  LD      drivers/media/IR/ir-common.o
  LD      drivers/media/IR/built-in.o
  CC      net/core/net-traces.o
  CC      drivers/media/common/tuners/tuner-xc2028.o
  LD      net/core/built-in.o
  CC      net/ipv6/af_inet6.o
  CC      drivers/media/common/tuners/tuner-simple.o
  CC      drivers/media/common/tuners/tuner-types.o
  CC      net/ipv6/anycast.o
  CC      drivers/media/common/tuners/mt20xx.o
  CC      net/ipv4/tcp_output.o
  CC      drivers/media/common/tuners/tda8290.o
  CC      net/ipv6/ip6_output.o
  CC      drivers/media/common/tuners/tea5767.o
  CC      net/ipv4/tcp_timer.o
  CC      drivers/media/common/tuners/tea5761.o
  CC      drivers/media/common/tuners/tda9887.o
  CC      net/ipv6/ip6_input.o
  CC      net/ipv4/tcp_ipv4.o
  CC      drivers/media/common/tuners/xc5000.o
  CC      drivers/media/common/tuners/mc44s803.o
  CC      net/ipv6/addrconf.o
  LD      drivers/media/common/tuners/built-in.o
  LD      drivers/media/common/built-in.o
  LD      drivers/media/radio/built-in.o
  CC      drivers/media/video/v4l2-dev.o
  CC      drivers/media/video/v4l2-ioctl.o
  CC      net/ipv4/tcp_minisocks.o
  CC      net/ipv4/tcp_cong.o
  CC      net/ipv6/addrlabel.o
  CC      drivers/media/video/v4l2-device.o
  CC      drivers/media/video/v4l2-fh.o
  CC      drivers/media/video/v4l2-event.o
  CC      net/ipv4/datagram.o
  CC      net/ipv6/route.o
  CC      drivers/media/video/v4l2-int-device.o
  CC      net/ipv4/raw.o
  CC      drivers/media/video/v4l2-common.o
  CC      drivers/media/video/v4l1-compat.o
  CC      net/ipv6/ip6_fib.o
  CC      net/ipv4/udp.o
  LD      drivers/media/video/videodev.o
  LD      drivers/media/video/built-in.o
  LD      drivers/media/built-in.o
  CC      drivers/mfd/mfd-core.o
  CC      drivers/mfd/abx500-core.o
  CC      net/ipv6/ipv6_sockglue.o
  CC      drivers/mfd/ab8500-core.o
  CC      net/ipv4/udplite.o
  CC      drivers/mfd/ab8500-sysctrl.o
  CC      net/ipv6/ndisc.o
  CC      drivers/mfd/ab8500-i2c.o
  CC      net/ipv4/arp.o
  CC      drivers/mfd/ab8500-debugfs.o
  CC      drivers/mfd/ab8500-gpadc.o
  CC      net/ipv6/udp.o
  CC      net/ipv4/icmp.o
  LD      drivers/mfd/built-in.o
  CC      drivers/misc/pmem.o
  CC      net/ipv4/devinet.o
  CC      net/ipv6/udplite.o
  CC      drivers/misc/uid_stat.o
  LD      drivers/misc/cb710/built-in.o
  CC      drivers/misc/dispdev/dispdev.o
  CC      net/ipv6/raw.o
  LD      drivers/misc/dispdev/built-in.o
  LD      drivers/misc/eeprom/built-in.o
  CC      drivers/misc/hwmem/hwmem-main.o
  CC      net/ipv4/af_inet.o
  CC      drivers/misc/hwmem/hwmem-ioctl.o
  CC      net/ipv6/protocol.o
  CC      drivers/misc/hwmem/cache_handler.o
  CC      drivers/misc/hwmem/contig_alloc.o
  CC      net/ipv6/icmp.o
  LD      drivers/misc/hwmem/hwmem.o
  LD      drivers/misc/hwmem/built-in.o
  CC      drivers/misc/i2s/i2s.o
  CC      net/ipv4/igmp.o
  CC      drivers/misc/i2s/msp_i2s.o
  CC      net/ipv6/mcast.o
  LD      drivers/misc/i2s/nmdk_i2s.o
  LD      drivers/misc/i2s/built-in.o
  CC      drivers/misc/shrm/modem_shrm_driver.o
  CC      net/ipv4/fib_frontend.o
  CC      drivers/misc/shrm/shrm_fifo.o
  CC      net/ipv6/reassembly.o
  CC      drivers/misc/shrm/shrm_protocol.o
  CC      net/ipv4/fib_semantics.o
  CC      net/ipv6/tcp_ipv6.o
  CC      net/ipv4/inet_fragment.o
  LD      drivers/misc/shrm/u8500_shrm.o
  LD      drivers/misc/shrm/built-in.o
  CC      drivers/misc/tspdrv/tspdrv.o
  CC      net/ipv4/sysctl_net_ipv4.o
  CC      drivers/misc/tspdrv/ImmVibeSPI.o
  LD      drivers/misc/tspdrv/vibrator.o
  LD      drivers/misc/tspdrv/built-in.o
  CC      drivers/misc/db8500-modem-trace.o
  CC      net/ipv4/sysfs_net_ipv4.o
  CC      net/ipv6/exthdrs.o
  CC      drivers/misc/ab8500-pwm.o
  CC      net/ipv4/fib_hash.o
  CC      drivers/misc/dbx500-mloader.o
  CC      net/ipv6/datagram.o
  CC      drivers/misc/stm.o
  CC      net/ipv4/proc.o
  CC      drivers/misc/sec_jack.o
  CC      net/ipv6/ip6_flowlabel.o
  CC      net/ipv4/fib_rules.o
  CC      drivers/misc/fsync_control.o
  LD      drivers/misc/built-in.o
  CC      drivers/mmc/card/block.o
  CC      net/ipv6/inet6_connection_sock.o
  CC      net/ipv4/esp4.o
  CC      drivers/mmc/card/queue.o
  CC      net/ipv6/sysctl_net_ipv6.o
  CC      net/ipv4/tunnel4.o
  LD      drivers/mmc/card/mmc_block.o
  LD      drivers/mmc/card/built-in.o
  CC      drivers/mmc/core/core.o
  CC      net/ipv6/xfrm6_policy.o
  CC      net/ipv4/xfrm4_mode_transport.o
  CC      net/ipv6/xfrm6_state.o
  CC      drivers/mmc/core/bus.o
  CC      net/ipv4/ipconfig.o
  CC      drivers/mmc/core/host.o
  CC      net/ipv6/xfrm6_input.o
  CC      net/ipv4/netfilter.o
  CC      drivers/mmc/core/mmc.o
  CC      net/ipv6/xfrm6_output.o
  CC      drivers/mmc/core/mmc_ops.o
  CC      net/ipv4/netfilter/nf_nat_rule.o
  CC      net/ipv6/netfilter.o
  CC      drivers/mmc/core/sd.o
  CC      net/ipv4/netfilter/nf_nat_standalone.o
  CC      net/ipv6/fib6_rules.o
  CC      drivers/mmc/core/sd_ops.o
  CC      net/ipv4/netfilter/nf_conntrack_l3proto_ipv4.o
  CC      drivers/mmc/core/sdio.o
  CC      net/ipv6/proc.o
  CC      net/ipv4/netfilter/nf_conntrack_proto_icmp.o
  CC      drivers/mmc/core/sdio_ops.o
  CC      net/ipv6/xfrm6_mode_transport.o
  CC      drivers/mmc/core/sdio_bus.o
  CC      net/ipv4/netfilter/nf_conntrack_l3proto_ipv4_compat.o
  CC      net/ipv6/xfrm6_mode_tunnel.o
  CC      drivers/mmc/core/sdio_cis.o
  CC      net/ipv4/netfilter/nf_nat_core.o
  CC      net/ipv6/xfrm6_mode_beet.o
  CC      drivers/mmc/core/sdio_io.o
  LD      net/ipv6/netfilter/built-in.o
  CC      net/ipv6/sit.o
  CC      net/ipv4/netfilter/nf_nat_helper.o
  CC      drivers/mmc/core/sdio_irq.o
  CC      drivers/mmc/core/debugfs.o
  CC      net/ipv6/addrconf_core.o
  CC      net/ipv4/netfilter/nf_nat_proto_unknown.o
  LD      drivers/mmc/core/mmc_core.o
  LD      drivers/mmc/core/built-in.o
  CC      drivers/mmc/host/mmci.o
  CC      net/ipv4/netfilter/nf_nat_proto_common.o
  CC      net/ipv6/exthdrs_core.o
  CC      net/ipv4/netfilter/nf_nat_proto_tcp.o
  CC      net/ipv6/inet6_hashtables.o
  LD      drivers/mmc/host/built-in.o
  LD      drivers/mmc/built-in.o
  CC      drivers/net/mii.o
  CC      net/ipv4/netfilter/nf_nat_proto_udp.o
  LD      net/ipv6/ipv6.o
  CC      drivers/net/Space.o
  LD      net/ipv6/built-in.o
  CC      net/key/af_key.o
  CC      net/ipv4/netfilter/nf_nat_proto_icmp.o
  CC      drivers/net/loopback.o
  CC      net/ipv4/netfilter/nf_defrag_ipv4.o
  CC      drivers/net/ppp_generic.o
  CC      net/ipv4/netfilter/nf_nat_amanda.o
  CC      net/ipv4/netfilter/nf_nat_ftp.o
  LD      net/key/built-in.o
  CC      net/netfilter/core.o
  CC      drivers/net/ppp_async.o
  CC      net/ipv4/netfilter/nf_nat_h323.o
  CC      net/netfilter/nf_log.o
  CC      drivers/net/ppp_deflate.o
  CC      net/ipv4/netfilter/nf_nat_irc.o
  CC      drivers/net/bsd_comp.o
  CC      net/netfilter/nf_queue.o
  CC      drivers/net/ppp_mppe.o
  CC      net/ipv4/netfilter/nf_nat_pptp.o
  CC      drivers/net/pppox.o
  CC      net/netfilter/nf_sockopt.o
  CC      net/ipv4/netfilter/nf_nat_sip.o
  CC      drivers/net/pppolac.o
  CC      net/netfilter/nf_conntrack_core.o
  CC      net/ipv4/netfilter/nf_nat_tftp.o
  CC      drivers/net/pppopns.o
  CC      net/ipv4/netfilter/nf_nat_proto_dccp.o
  CC      drivers/net/slhc.o
  CC      net/netfilter/nf_conntrack_standalone.o
  CC      net/ipv4/netfilter/nf_nat_proto_gre.o
  CC      net/netfilter/nf_conntrack_expect.o
  CC      drivers/net/ifb.o
  CC      net/ipv4/netfilter/nf_nat_proto_udplite.o
  CC      drivers/net/tun.o
  CC      net/ipv4/netfilter/nf_nat_proto_sctp.o
  CC      net/netfilter/nf_conntrack_helper.o
  CC      net/ipv4/netfilter/ip_tables.o
  CC      net/netfilter/nf_conntrack_proto.o
  LD      drivers/net/arm/built-in.o
  CC      drivers/net/usb/usbnet.o
  CC      net/ipv4/netfilter/iptable_filter.o
  CC      net/netfilter/nf_conntrack_l3proto_generic.o
  LD      drivers/net/usb/built-in.o
  LD      net/ipv4/netfilter/iptable_nat.o
  CC      net/ipv4/netfilter/ipt_addrtype.o
  LD      drivers/net/wireless/bcm4330/built-in.o
  CC [M]  drivers/net/wireless/bcm4330/src/dhd/sys/dhd_linux.o
  CC      net/netfilter/nf_conntrack_proto_generic.o
  CC      net/ipv4/netfilter/ipt_ah.o
  CC      net/netfilter/nf_conntrack_proto_tcp.o
  CC      net/ipv4/netfilter/ipt_ecn.o
  CC [M]  drivers/net/wireless/bcm4330/src/dhd/sys/dhd_common.o
  CC      net/ipv4/netfilter/ipt_LOG.o
  CC      net/netfilter/nf_conntrack_proto_udp.o
  CC      net/ipv4/netfilter/ipt_MASQUERADE.o
  CC      net/netfilter/nf_conntrack_extend.o
  CC [M]  drivers/net/wireless/bcm4330/src/dhd/sys/dhd_cdc.o
  CC      net/ipv4/netfilter/ipt_NETMAP.o
  CC      net/netfilter/nf_conntrack_acct.o
  CC [M]  drivers/net/wireless/bcm4330/src/dhd/sys/dhd_linux_sched.o
  CC      net/ipv4/netfilter/ipt_REDIRECT.o
  CC      net/netfilter/nf_conntrack_ecache.o
  CC [M]  drivers/net/wireless/bcm4330/src/dhd/sys/dhd_sdio.o
  CC      net/ipv4/netfilter/ipt_REJECT.o
  CC      net/netfilter/nf_conntrack_h323_main.o
  CC      net/ipv4/netfilter/arp_tables.o
  CC      net/netfilter/nf_conntrack_h323_asn1.o
  CC      net/ipv4/netfilter/arpt_mangle.o
  CC      net/netfilter/nfnetlink.o
  CC      net/ipv4/netfilter/arptable_filter.o
  CC [M]  drivers/net/wireless/bcm4330/src/dhd/sys/dhd_custom_gpio.o
  CC      net/netfilter/nfnetlink_queue.o
  LD      net/ipv4/netfilter/nf_conntrack_ipv4.o
  LD      net/ipv4/netfilter/nf_nat.o
  LD      net/ipv4/netfilter/built-in.o
  CC      net/ipv4/inet_diag.o
  CC [M]  drivers/net/wireless/bcm4330/src/dhd/sys/dhd_custom_sec.o
  CC      net/netfilter/nfnetlink_log.o
  CC [M]  drivers/net/wireless/bcm4330/src/dhd/sys/dhd_bta.o
  CC      net/ipv4/tcp_diag.o
  CC [M]  drivers/net/wireless/bcm4330/src/shared/aiutils.o
  LD      net/netfilter/nf_conntrack.o
  CC      net/netfilter/nf_conntrack_proto_dccp.o
  CC      net/ipv4/tcp_cubic.o
  CC [M]  drivers/net/wireless/bcm4330/src/shared/bcmutils.o
  CC      net/netfilter/nf_conntrack_proto_gre.o
  CC      net/ipv4/tcp_westwood.o
  CC      net/ipv4/tcp_highspeed.o
  CC      net/netfilter/nf_conntrack_proto_sctp.o
  CC [M]  drivers/net/wireless/bcm4330/src/shared/bcmwifi.o
  CC      net/ipv4/tcp_hybla.o
  CC [M]  drivers/net/wireless/bcm4330/src/shared/hndpmu.o
  CC      net/netfilter/nf_conntrack_proto_udplite.o
  CC      net/ipv4/tcp_vegas.o
  CC [M]  drivers/net/wireless/bcm4330/src/shared/linux_osl.o
  CC      net/netfilter/nf_conntrack_netlink.o
  CC [M]  drivers/net/wireless/bcm4330/src/shared/sbutils.o
  CC      net/ipv4/tcp_veno.o
  CC      net/ipv4/tcp_yeah.o
  CC      net/netfilter/nf_conntrack_amanda.o
  CC [M]  drivers/net/wireless/bcm4330/src/shared/siutils.o
  CC      net/ipv4/xfrm4_policy.o
  CC      net/netfilter/nf_conntrack_ftp.o
  CC [M]  drivers/net/wireless/bcm4330/src/shared/bcmevent.o
  CC      net/ipv4/xfrm4_state.o
  LD      net/netfilter/nf_conntrack_h323.o
  CC      net/netfilter/nf_conntrack_irc.o
  CC [M]  drivers/net/wireless/bcm4330/src/bcmsdio/sys/bcmsdh_sdmmc.o
  CC      net/ipv4/xfrm4_input.o
  CC      net/netfilter/nf_conntrack_netbios_ns.o
  CC [M]  drivers/net/wireless/bcm4330/src/bcmsdio/sys/bcmsdh.o
  CC      net/ipv4/xfrm4_output.o
  CC      net/netfilter/nf_conntrack_pptp.o
  CC [M]  drivers/net/wireless/bcm4330/src/bcmsdio/sys/bcmsdh_linux.o
  LD      net/ipv4/built-in.o
  CC      net/netlink/af_netlink.o
  CC      net/netfilter/nf_conntrack_sane.o
  CC [M]  drivers/net/wireless/bcm4330/src/bcmsdio/sys/bcmsdh_sdmmc_linux.o
  CC      net/netfilter/nf_conntrack_sip.o
  CC [M]  drivers/net/wireless/bcm4330/src/wl/sys/wl_iw.o
  CC      net/netlink/genetlink.o
  CC      net/netfilter/nf_conntrack_tftp.o
  LD      net/netlink/built-in.o
  CC      net/packet/af_packet.o
  CC      net/netfilter/x_tables.o
  LD [M]  drivers/net/wireless/bcm4330/dhd.o
  LD      drivers/net/wireless/built-in.o
  CC      drivers/net/u8500_shrm.o
  LD      net/packet/built-in.o
  CC      net/phonet/pn_dev.o
  CC      net/netfilter/xt_tcpudp.o
  LD      drivers/net/built-in.o
  CC      drivers/phone_svn/svnet/main.o
  CC      net/phonet/pn_netlink.o
  CC      net/netfilter/xt_mark.o
  CC      drivers/phone_svn/svnet/pdp.o
  CC      net/phonet/socket.o
  CC      net/netfilter/xt_connmark.o
  CC      drivers/phone_svn/svnet/sipc4.o
  CC      net/netfilter/xt_CLASSIFY.o
  CC      net/phonet/datagram.o
  CC      net/netfilter/xt_NFQUEUE.o
  LD      drivers/phone_svn/svnet/svnet.o
  LD      drivers/phone_svn/svnet/built-in.o
  LD      drivers/phone_svn/built-in.o
  LD      drivers/platform/built-in.o
  CC      drivers/power/power_supply_core.o
  CC      net/phonet/sysctl.o
  CC      net/phonet/af_phonet.o
  CC      drivers/power/power_supply_sysfs.o
  CC      net/netfilter/xt_comment.o
  CC      drivers/power/power_supply_leds.o
  CC      drivers/power/ab8500_charger.o
  CC      net/netfilter/xt_connbytes.o
  CC      net/phonet/pep.o
  CC      net/netfilter/xt_connlimit.o
  CC      drivers/power/ab8500_fg.o
  CC      net/netfilter/xt_conntrack.o
  CC      net/phonet/pep-gprs.o
  CC      net/netfilter/xt_hashlimit.o
  LD      net/phonet/phonet.o
  LD      net/phonet/pn_pep.o
  LD      net/phonet/built-in.o
  CC      net/rfkill/core.o
  CC      drivers/power/ab8500_btemp.o
  CC      net/rfkill/input.o
  CC      net/netfilter/xt_helper.o
  LD      net/rfkill/rfkill.o
  LD      net/rfkill/built-in.o
  CC      net/sched/sch_generic.o
  CC      drivers/power/ab8500_chargalg.o
  CC      net/netfilter/xt_hl.o
  CC      net/netfilter/xt_iprange.o
  CC      drivers/power/fsa880.o
  CC      net/sched/sch_mq.o
  CC      net/netfilter/xt_length.o
  CC      net/sched/sch_api.o
  CC      drivers/power/ab8500_links.o
  CC      net/netfilter/xt_limit.o
  LD      drivers/power/power_supply.o
  LD      drivers/power/built-in.o
  CC      drivers/regulator/core.o
  CC      net/netfilter/xt_mac.o
  CC      net/sched/sch_blackhole.o
  CC      net/netfilter/xt_multiport.o
  CC      net/sched/cls_api.o
  CC      drivers/regulator/virtual.o
  CC      net/netfilter/xt_owner.o
  CC      drivers/regulator/panic_core.o
  CC      drivers/regulator/ab8500.o
  CC      net/netfilter/xt_pkttype.o
  CC      net/sched/act_api.o
  CC      drivers/regulator/ab8500-debug.o
  CC      net/netfilter/xt_policy.o
  LD      drivers/regulator/built-in.o
  CC      drivers/rtc/rtc-lib.o
  CC      net/sched/act_police.o
  CC      net/netfilter/xt_quota.o
  CC      drivers/rtc/hctosys.o
  CC      net/netfilter/xt_state.o
  CC      net/sched/act_gact.o
  CC      drivers/rtc/class.o
  CC      net/netfilter/xt_statistic.o
  CC      net/sched/act_mirred.o
  CC      drivers/rtc/interface.o
  CC      net/netfilter/xt_string.o
  CC      net/sched/sch_fifo.o
  CC      drivers/rtc/rtc-dev.o
  CC      net/netfilter/xt_time.o
  CC      drivers/rtc/rtc-proc.o
  CC      net/sched/sch_htb.o
  CC      net/netfilter/xt_u32.o
  CC      drivers/rtc/rtc-sysfs.o
  LD      net/netfilter/netfilter.o
  LD      net/netfilter/built-in.o
  CC      net/unix/af_unix.o
  CC      drivers/rtc/alarm.o
  CC      net/sched/sch_ingress.o
  CC      drivers/rtc/alarm-dev.o
  CC      net/sched/cls_u32.o
  CC      drivers/rtc/rtc-ab8500.o
  CC      net/unix/garbage.o
  LD      drivers/rtc/rtc-core.o
  LD      drivers/rtc/built-in.o
  LD      drivers/samsung/built-in.o
  LD      drivers/samsung/j4fs/built-in.o
  CC [M]  drivers/samsung/j4fs/j4fs_kernel.o
  CC      net/sched/ematch.o
  CC      net/unix/sysctl_net_unix.o
  CC      net/sched/em_u32.o
  CC [M]  drivers/samsung/j4fs/llid_kernel.o
  LD      net/unix/unix.o
  LD      net/unix/built-in.o
  CC      net/wireless/wext-core.o
  CC [M]  drivers/samsung/j4fs/fsd_common.o
  LD      net/sched/built-in.o
  CC      net/xfrm/xfrm_policy.o
  CC      net/wireless/wext-proc.o
  CC      net/wireless/wext-priv.o
  LD [M]  drivers/samsung/j4fs/j4fs.o
  LD      drivers/samsung/param/built-in.o
  CC [M]  drivers/samsung/param/param.o
  LD      net/wireless/built-in.o
  CC      net/sysctl_net.o
  CC      drivers/scsi/scsi.o
  CC      net/xfrm/xfrm_state.o
  CC      net/activity_stats.o
  CC      drivers/sensor/compass/yas_mag_kernel_driver.o
  CC      drivers/scsi/hosts.o
  CC      net/xfrm/xfrm_hash.o
  CC      net/xfrm/xfrm_input.o
  CC      drivers/scsi/scsi_ioctl.o
  LD      drivers/sensor/compass/built-in.o
  CC      drivers/sensor/mpu3050/sensors_core.o
  CC      drivers/sensor/mpu3050/mpuirq.o
  CC      drivers/scsi/constants.o
  CC      net/xfrm/xfrm_output.o
  CC      drivers/sensor/mpu3050/slaveirq.o
  CC      drivers/scsi/scsicam.o
  CC      net/xfrm/xfrm_algo.o
  CC      drivers/sensor/mpu3050/mpu-dev.o
  CC      drivers/scsi/scsi_error.o
  CC      net/xfrm/xfrm_sysctl.o
  CC      drivers/sensor/mpu3050/mpu-i2c.o
  CC      drivers/sensor/mpu3050/mlsl-kernel.o
  LD      net/xfrm/built-in.o
  LD      net/built-in.o
  CC      drivers/scsi/scsi_lib.o
  CC      drivers/sensor/mpu3050/mlos-kernel.o
  CC      drivers/sensor/mpu3050/mpu-accel.o
  CC      drivers/sensor/mpu3050/mldl_cfg.o
  CC      drivers/sensor/mpu3050/accel/bma222.o
  CC      drivers/serial/serial_core.o
  CC      drivers/sensor/mpu3050/timerirq.o
  CC      drivers/scsi/scsi_lib_dma.o
  LD      drivers/sensor/mpu3050/mpu3050.o
  LD      drivers/sensor/mpu3050/built-in.o
  CC      drivers/sensor/orientation/yas_ori_kernel_driver.o
  CC      drivers/scsi/scsi_scan.o
  LD      drivers/sensor/orientation/built-in.o
  CC      drivers/sensor/proximity/gp2a_prox.o
  CC      drivers/serial/amba-pl011.o
  LD      drivers/sensor/proximity/built-in.o
  LD      drivers/sensor/built-in.o
  CC      drivers/spi/spi.o
  CC      drivers/scsi/scsi_sysfs.o
  CC      drivers/serial/kgdboc.o
  CC      drivers/spi/spi_bitbang.o
  LD      drivers/serial/built-in.o
  CC      drivers/staging/staging.o
  CC      drivers/staging/android/binder.o
  CC      drivers/scsi/scsi_devinfo.o
  CC      drivers/spi/spi_gpio.o
  LD      drivers/spi/built-in.o
  CC      drivers/startup_reason/startup_reason.o
  CC      drivers/startup_reason/ab8500_startup_reason.o
  CC      drivers/scsi/scsi_sysctl.o
  CC      drivers/scsi/scsi_proc.o
  LD      drivers/startup_reason/built-in.o
  CC      drivers/switch/switch_class.o
  LD      drivers/switch/built-in.o
  CC      drivers/tee/tee_service.o
  CC      drivers/tee/tee_driver.o
  CC      drivers/scsi/scsi_trace.o
  CC      drivers/staging/android/logger.o
  LD      drivers/tee/built-in.o
  CC      drivers/usb/class/cdc-acm.o
  CC      drivers/scsi/sd.o
  CC      drivers/staging/android/ram_console.o
  CC      drivers/staging/android/timed_output.o
  CC      drivers/staging/android/timed_gpio.o
  CC      drivers/staging/android/lowmemorykiller.o
  LD      drivers/usb/class/built-in.o
  CC      drivers/usb/core/usb.o
  LD      drivers/staging/android/built-in.o
  CC      drivers/staging/mmio/st_mmio.o
  LD      drivers/scsi/arm/built-in.o
  LD      drivers/scsi/sd_mod.o
  CC [M]  drivers/scsi/scsi_wait_scan.o
  CC      drivers/usb/core/hub.o
  LD      drivers/scsi/scsi_mod.o
  LD      drivers/scsi/built-in.o
  CC      drivers/usb/gadget/android.o
  CC      drivers/staging/mmio/subpmic_ncp6914.o
  LD      drivers/staging/mmio/built-in.o
  CC      drivers/staging/nmf-cm/cm/engine/power_mgt/src/cmpower.o
  CC      drivers/staging/nmf-cm/cm/engine/semaphores/hw_semaphores/src/hw_semaphores.o
  CC      drivers/staging/nmf-cm/cm/engine/semaphores/src/semaphores.o
  CC      drivers/staging/nmf-cm/cm/engine/component/src/loader.o
  CC      drivers/usb/gadget/f_acm.o
  CC      drivers/staging/nmf-cm/cm/engine/component/src/initializer.o
  CC      drivers/staging/nmf-cm/cm/engine/component/src/instantiater.o
  CC      drivers/usb/gadget/u_serial.o
  CC      drivers/usb/core/hcd.o
  CC      drivers/staging/nmf-cm/cm/engine/component/src/introspection.o
  CC      drivers/staging/nmf-cm/cm/engine/component/src/binder.o
  CC      drivers/usb/gadget/serial_acm.o
  CC      drivers/staging/nmf-cm/cm/engine/component/src/binder_check.o
  CC      drivers/staging/nmf-cm/cm/engine/component/src/dspevent.o
  CC      drivers/staging/nmf-cm/cm/engine/component/src/component_wrapper.o
  CC      drivers/usb/gadget/f_adb.o
  CC      drivers/usb/core/urb.o
  CC      drivers/staging/nmf-cm/cm/engine/communication/fifo/src/nmf_fifo_arm.o
  CC      drivers/staging/nmf-cm/cm/engine/communication/src/communication.o
  CC      drivers/staging/nmf-cm/cm/engine/elf/src/elfmmdsp.o
  CC      drivers/staging/nmf-cm/cm/engine/elf/src/mpcal.o
  CC      drivers/staging/nmf-cm/cm/engine/elf/src/elf64.o
  CC      drivers/staging/nmf-cm/cm/engine/elf/src/elfload.o
  CC      drivers/usb/gadget/f_mass_storage.o
  CC      drivers/usb/core/message.o
  CC      drivers/staging/nmf-cm/cm/engine/elf/src/mmdsp-debug.o
  CC      drivers/staging/nmf-cm/cm/engine/elf/src/elfrelocate.o
  CC      drivers/staging/nmf-cm/cm/engine/configuration/src/configuration_wrapper.o
  CC      drivers/staging/nmf-cm/cm/engine/configuration/src/configuration.o
  CC      drivers/staging/nmf-cm/cm/engine/trace/src/trace.o
  CC      drivers/staging/nmf-cm/cm/engine/trace/src/panic.o
  CC      drivers/staging/nmf-cm/cm/engine/repository_mgt/src/repository_mgt.o
  CC      drivers/staging/nmf-cm/cm/engine/dsp/src/dsp.o
  CC      drivers/usb/core/driver.o
  CC      drivers/usb/gadget/f_mtp_samsung.o
  CC      drivers/staging/nmf-cm/cm/engine/utils/src/swap.o
  CC      drivers/staging/nmf-cm/cm/engine/utils/src/string.o
  CC      drivers/staging/nmf-cm/cm/engine/utils/src/convert.o
  CC      drivers/staging/nmf-cm/cm/engine/utils/src/mem.o
  CC      drivers/staging/nmf-cm/cm/engine/utils/src/table.o
  CC      drivers/staging/nmf-cm/cm/engine/memory/src/chunk_mgr.o
  CC      drivers/staging/nmf-cm/cm/engine/memory/src/remote_allocator.o
  CC      drivers/staging/nmf-cm/cm/engine/memory/src/migration.o
  CC      drivers/usb/core/config.o
  CC      drivers/staging/nmf-cm/cm/engine/memory/src/memory_wrapper.o
  CC      drivers/staging/nmf-cm/cm/engine/memory/src/domain.o
  CC      drivers/usb/gadget/f_rndis.o
  CC      drivers/staging/nmf-cm/cm/engine/memory/src/domain_wrapper.o
  CC      drivers/staging/nmf-cm/cm/engine/memory/src/remote_allocator_utils.o
  CC      drivers/staging/nmf-cm/cm/engine/perfmeter/src/mpcload.o
  CC      drivers/staging/nmf-cm/cm/engine/executive_engine_mgt/src/executive_engine_mgt.o
  CC      drivers/staging/nmf-cm/cm/engine/os_adaptation_layer/src/os_adaptation_layer.o
  CC      drivers/usb/core/file.o
  CC      drivers/staging/nmf-cm/cmld.o
  CC      drivers/usb/gadget/u_ether.o
  CC      drivers/usb/core/buffer.o
  CC      drivers/staging/nmf-cm/cm_syscall.o
  CC      drivers/usb/core/sysfs.o
  CC      drivers/usb/gadget/f_phonet.o
  CC      drivers/usb/core/endpoint.o
  CC      drivers/staging/nmf-cm/osal-kernel.o
  LD      drivers/usb/gadget/built-in.o
  CC      drivers/staging/nmf-cm/cm_service.o
  CC      drivers/usb/core/devio.o
  CC      drivers/staging/nmf-cm/cm_debug.o
  CC      drivers/staging/nmf-cm/configuration.o
  CC      drivers/staging/nmf-cm/cm_dma.o
  CC      drivers/usb/core/notify.o
  LD      drivers/staging/nmf-cm/cm.o
  LD      drivers/staging/nmf-cm/built-in.o
  LD      drivers/staging/built-in.o
  CC      drivers/usb/musb/musb_core.o
  CC      drivers/usb/core/generic.o
  CC      drivers/usb/core/quirks.o
  CC      drivers/usb/core/devices.o
  CC      drivers/usb/core/inode.o
  CC      drivers/usb/musb/stm_musb.o
  LD      drivers/usb/early/built-in.o
  LD      drivers/usb/misc/built-in.o
  CC      drivers/usb/mon/mon_main.o
  LD      drivers/usb/core/usbcore.o
  LD      drivers/usb/core/built-in.o
  CC      drivers/usb/storage/libusual.o
  CC      drivers/usb/mon/mon_stat.o
  CC      drivers/usb/musb/musb_gadget_ep0.o
  CC      drivers/usb/storage/usual-tables.o
  CC      drivers/usb/mon/mon_text.o
  CC      drivers/usb/storage/scsiglue.o
  CC      drivers/usb/musb/musb_gadget.o
  CC      drivers/usb/mon/mon_bin.o
  CC      drivers/usb/storage/protocol.o
  CC      drivers/usb/musb/musb_virthub.o
  LD      drivers/usb/mon/usbmon.o
  LD      drivers/usb/mon/built-in.o
  CC      drivers/usb/musb/musb_host.o
  CC      drivers/usb/storage/transport.o
  CC      drivers/usb/musb/musb_debugfs.o
  CC      drivers/usb/otg/otg.o
  CC      drivers/usb/storage/usb.o
  LD      drivers/usb/musb/musb_hdrc.o
  LD      drivers/usb/musb/built-in.o
  CC      drivers/usb/otg/nop-usb-xceiv.o
  CC      drivers/video/fb_notify.o
  LD      drivers/usb/otg/built-in.o
  CC      drivers/watchdog/mpcore_wdt.o
  CC      drivers/video/fbmem.o
  CC      drivers/usb/storage/initializers.o
  LD      drivers/watchdog/built-in.o
  CC      drivers/usb/storage/sierra_ms.o
  CC      drivers/video/fbmon.o
  CC      drivers/usb/storage/option_ms.o
  CC      drivers/video/fbcmap.o
  LD      drivers/usb/storage/usb-storage.o
  LD      drivers/usb/storage/usb-libusual.o
  LD      drivers/usb/storage/built-in.o
  CC      drivers/video/fbsysfs.o
  LD      drivers/usb/built-in.o
  CC      drivers/video/modedb.o
  CC      drivers/video/fbcvt.o
  CC      drivers/video/b2r2/b2r2_blt_main.o
  CC      drivers/video/backlight/lcd.o
  CC      drivers/video/console/dummycon.o
  LD      drivers/video/console/built-in.o
  LD      drivers/video/display/built-in.o
  CC      drivers/video/mcde/mcde_mod.o
  CC      drivers/video/backlight/backlight.o
  CC      drivers/video/mcde/mcde_hw.o
  CC      drivers/video/backlight/generic_bl.o
  CC      drivers/video/b2r2/b2r2_core.o
  LD      drivers/video/backlight/built-in.o
  LD      drivers/video/omap2/displays/built-in.o
  LD      drivers/video/omap2/dss/built-in.o
  LD      drivers/video/omap2/omapfb/built-in.o
  LD      drivers/video/omap2/built-in.o
  CC      drivers/video/sysfillrect.o
  CC      drivers/video/syscopyarea.o
  CC      drivers/video/sysimgblt.o
  CC      drivers/video/b2r2/b2r2_mem_alloc.o
  CC      drivers/video/fb_sys_fops.o
  CC      drivers/video/b2r2/b2r2_generic.o
  LD      drivers/video/fb.o
  CC      drivers/video/mcde/mcde_dss.o
  CC      drivers/video/mcde/mcde_display.o
  CC      drivers/video/mcde/mcde_bus.o
  CC      drivers/video/mcde/mcde_fb.o
  CC      drivers/video/mcde/display-s6e63m0.o
  CC      drivers/video/b2r2/b2r2_node_gen.o
  CC      drivers/video/b2r2/b2r2_node_split.o
  CC      drivers/video/mcde/smart_mtp_s6e63m0.o
  LD      drivers/video/mcde/mcde.o
  CC      drivers/video/b2r2/b2r2_profiler_socket.o
  CC      drivers/video/b2r2/b2r2_timing.o
  CC      drivers/video/b2r2/b2r2_filters.o
  CC      drivers/video/b2r2/b2r2_utils.o
  LD      drivers/video/mcde/built-in.o
  CC      drivers/video/b2r2/b2r2_input_validation.o
  LD      drivers/video/b2r2/b2r2.o
  LD      drivers/video/b2r2/built-in.o
  LD      drivers/video/built-in.o
  LD      drivers/built-in.o
  LD      vmlinux.o
  MODPOST vmlinux.o
  GEN     .version
  CHK     include/generated/compile.h
  UPD     include/generated/compile.h
  CC      init/version.o
  LD      init/built-in.o
  LD      .tmp_vmlinux1
  KSYM    .tmp_kallsyms1.S
  AS      .tmp_kallsyms1.o
  LD      .tmp_vmlinux2
  KSYM    .tmp_kallsyms2.S
  AS      .tmp_kallsyms2.o
  LD      vmlinux
  SYSMAP  System.map
  SYSMAP  .tmp_System.map
  OBJCOPY arch/arm/boot/Image
  Kernel: arch/arm/boot/Image is ready
  AS      arch/arm/boot/compressed/head.o
  Building modules, stage 2.
  LZO     arch/arm/boot/compressed/piggy.lzo
  MODPOST 6 modules
  CC      arch/arm/boot/compressed/misc.o
  CC      arch/arm/boot/compressed/decompress.o
  CC      drivers/bluetooth/bthid/bthid.mod.o
  CC      drivers/net/wireless/bcm4330/dhd.mod.o
  SHIPPED arch/arm/boot/compressed/lib1funcs.S
  CC      drivers/samsung/j4fs/j4fs.mod.o
  CC      drivers/samsung/param/param.mod.o
  CC      drivers/scsi/scsi_wait_scan.mod.o
  CC      fs/cifs/cifs.mod.o
  LD [M]  drivers/bluetooth/bthid/bthid.ko
  LD [M]  drivers/net/wireless/bcm4330/dhd.ko
  LD [M]  drivers/samsung/j4fs/j4fs.ko
  LD [M]  drivers/samsung/param/param.ko
  LD [M]  drivers/scsi/scsi_wait_scan.ko
  LD [M]  fs/cifs/cifs.ko
  AS      arch/arm/boot/compressed/lib1funcs.o
  AS      arch/arm/boot/compressed/piggy.lzo.o
  LD      arch/arm/boot/compressed/vmlinux
  OBJCOPY arch/arm/boot/zImage
  Kernel: arch/arm/boot/zImage is ready


 Copying Modules to InitRamFS Folder...




 Creating zImage...


  CHK     include/linux/version.h
  CHK     include/generated/utsrelease.h
make[1]: include/generated/mach-types.h
  CALL    scripts/checksyscalls.sh
  CHK     include/generated/compile.h
  GEN     usr/initramfs_data.cpio
  AS      usr/initramfs_data.o
  LD      usr/built-in.o
  CC      drivers/gpu/mali/mali400ko/driver/src/devicedrv/mali/linux/mali_osk_mali.o
  LD      drivers/gpu/mali/mali400ko/driver/src/devicedrv/mali/mali.o
  LD      drivers/gpu/mali/mali400ko/driver/src/devicedrv/mali/built-in.o
  LD      drivers/gpu/mali/built-in.o
  LD      drivers/gpu/built-in.o
  LD      drivers/built-in.o
  LD      vmlinux.o
  MODPOST vmlinux.o
  GEN     .version
  CHK     include/generated/compile.h
  UPD     include/generated/compile.h
  CC      init/version.o
  LD      init/built-in.o
  LD      .tmp_vmlinux1
  KSYM    .tmp_kallsyms1.S
  AS      .tmp_kallsyms1.o
  LD      .tmp_vmlinux2
  KSYM    .tmp_kallsyms2.S
  AS      .tmp_kallsyms2.o
  LD      vmlinux
  SYSMAP  System.map
  SYSMAP  .tmp_System.map
  OBJCOPY arch/arm/boot/Image
  Kernel: arch/arm/boot/Image is ready
  LZO     arch/arm/boot/compressed/piggy.lzo
  AS      arch/arm/boot/compressed/piggy.lzo.o
  SHIPPED arch/arm/boot/compressed/lib1funcs.S
  AS      arch/arm/boot/compressed/lib1funcs.o
  LD      arch/arm/boot/compressed/vmlinux
  OBJCOPY arch/arm/boot/zImage
  Kernel: arch/arm/boot/zImage is ready


 Pushing Kernel to OUT folder...


~/Android/CoCore_mini/out ~/Android/CoCore_mini/kernel
~/Android/CoCore_mini/kernel


 = Finished in 2599 Seconds =


